make all --print-data-base --no-builtin-variables --no-builtin-rules --question
make: *** No rule to make target 'all'.  Stop.

# GNU Make 4.1
# Built for x86_64-pc-linux-gnu
# Copyright (C) 1988-2014 Free Software Foundation, Inc.
# License GPLv3+: GNU GPL version 3 or later <http://gnu.org/licenses/gpl.html>
# This is free software: you are free to change and redistribute it.
# There is NO WARRANTY, to the extent permitted by law.

# Make data base, printed on Mon Aug  8 16:40:44 2022

# Variables

# 'override' directive
GNUMAKEFLAGS := 
# automatic
<D = $(patsubst %/,%,$(dir $<))
# automatic
?F = $(notdir $?)
# environment
PAPERSIZE = a4
# environment
DESKTOP_SESSION = ubuntu
# default
.SHELLFLAGS := -c
# environment
XDG_SESSION_TYPE = x11
# environment
VSCODE_LOG_NATIVE = false
# automatic
?D = $(patsubst %/,%,$(dir $?))
# environment
IM_CONFIG_PHASE = 2
# automatic
@D = $(patsubst %/,%,$(dir $@))
# environment
XAUTHORITY = /run/user/1000/gdm/Xauthority
# environment
GDMSESSION = ubuntu
# environment
XMODIFIERS = @im=fcitx
# makefile
CURDIR := /home/deepblue/0-liuanqi/project/stereoVision
# makefile
SHELL = /bin/sh
# environment
VSCODE_NLS_CONFIG = {"locale":"zh-cn","availableLanguages":{"*":"zh-cn"},"_languagePackId":"42e84e0914b17800d483f69e299e1b00.zh-cn","_translationsConfigFile":"/home/deepblue/.config/Code/clp/42e84e0914b17800d483f69e299e1b00.zh-cn/tcf.json","_cacheRoot":"/home/deepblue/.config/Code/clp/42e84e0914b17800d483f69e299e1b00.zh-cn","_resolvedLanguagePackCoreLocation":"/home/deepblue/.config/Code/clp/42e84e0914b17800d483f69e299e1b00.zh-cn/c3511e6c69bb39013c4a4b7b9566ec1ca73fc4d5","_corruptedFile":"/home/deepblue/.config/Code/clp/42e84e0914b17800d483f69e299e1b00.zh-cn/corrupted.info","_languagePackSupport":true}
# environment
_ = /usr/share/code/code
# environment
XDG_CONFIG_DIRS = /etc/xdg/xdg-ubuntu:/etc/xdg
# makefile (from 'objs/code.mk', line 1)
MAKEFILE_LIST :=  Makefile objs/code.mk
# automatic
@F = $(notdir $@)
# environment
GIO_LAUNCHED_DESKTOP_FILE = /usr/share/applications/code.desktop
# makefile (from 'Makefile', line 25)
library_paths := 
# environment
USERNAME = deepblue
# environment
MAKELEVEL := 0
# environment
MANDATORY_PATH = /usr/share/gconf/ubuntu.mandatory.path
# makefile (from 'Makefile', line 35)
cpp_compile_flags := -std=c++11 -fPIC -m64 -g -fopenmp -w -O0 -I~/0-liuanqi/lean/opencv/install//include/opencv2 -Ilibrary_paths -I:= -I~/0-liuanqi/lean/opencv/install//lib
# environment
XDG_DATA_DIRS = /usr/share/ubuntu:/usr/local/share/:/usr/share/:/var/lib/snapd/desktop
# environment
DBUS_SESSION_BUS_ADDRESS = unix:path=/run/user/1000/bus
# makefile (from 'Makefile', line 2)
cpp_srcs := src/code.cpp
# environment
VSCODE_VERBOSE_LOGGING = true
# makefile (from 'Makefile', line 37)
link_flags := -pthread -fopenmp -Wl,-rpath='$$ORIGIN'  -lopencv_core -lopencv_imgproc -lopencv_videoio -lopencv_imgcodecs -lopencv_calib3d -lopencv_ximgproc -lopencv_highgui -lstdc++ -ldl 
# environment
CLUTTER_IM_MODULE = xim
# environment
LESSOPEN = | /usr/bin/lesspipe %s
# environment
LC_NAME = zh_CN.UTF-8
# environment
VSCODE_CWD = /home/deepblue
# default
MAKE_HOST := x86_64-pc-linux-gnu
# environment
PATH = /home/deepblue/.local/bin:/home/deepblue/anaconda3/bin:/usr/local/cuda-10.2/bin:/home/deepblue/alusi/lean/protobuf-3.20/bin:/home/deepblue/.local/bin:/usr/local/sbin:/usr/local/bin:/usr/sbin:/usr/bin:/sbin:/bin:/usr/games:/usr/local/games:/snap/bin:/home/deepblue/anaconda3/bin:/home/deepblue/anaconda3/bin:/home/deepblue/anaconda3/bin
# environment
GPG_AGENT_INFO = /run/user/1000/gnupg/S.gpg-agent:0:1
# environment
GJS_DEBUG_OUTPUT = stderr
# environment
SESSION_MANAGER = local/deepblue-Default-string:@/tmp/.ICE-unix/4211,unix/deepblue-Default-string:/tmp/.ICE-unix/4211
# environment
XDG_RUNTIME_DIR = /run/user/1000
# environment
TEXTDOMAIN = im-config
# makefile (from 'Makefile', line 5)
cpp_mk := objs/code.mk
# environment
UBUNTU_MENUPROXY = 1
# environment
CONDA_PREFIX = /home/deepblue/anaconda3
# environment
XDG_MENU_PREFIX = gnome-
# environment
VSCODE_LOG_STACK = false
# environment
ELECTRON_RUN_AS_NODE = 1
# default
.FEATURES := target-specific order-only second-expansion else-if shortest-stem undefine oneshell archives jobserver output-sync check-symlink load
# environment
LS_COLORS = 
# environment
XDG_SESSION_DESKTOP = ubuntu
# environment
SSH_AUTH_SOCK = /run/user/1000/keyring/ssh
# environment
GIO_LAUNCHED_DESKTOP_FILE_PID = 19726
# automatic
%F = $(notdir $%)
# environment
DISPLAY = :1
# environment
CONDA_EXE = /home/deepblue/anaconda3/bin/conda
# environment
GTK_IM_MODULE = fcitx
# environment
VSCODE_PIPE_LOGGING = true
# environment
PWD = /home/deepblue/0-liuanqi/project/stereoVision
# environment
XDG_SEAT = seat0
# environment
SSH_AGENT_PID = 4347
# makefile (from 'Makefile', line 26)
link_librarys := -lopencv_core -lopencv_imgproc -lopencv_videoio -lopencv_imgcodecs -lopencv_calib3d -lopencv_ximgproc -lopencv_highgui -lstdc++ -ldl
# environment
ORIGINAL_XDG_CURRENT_DESKTOP = ubuntu:GNOME
# environment
GTK_MODULES = appmenu-gtk-module:gail:atk-bridge:appmenu-gtk-module
# environment
VSCODE_AMD_ENTRYPOINT = vs/workbench/api/node/extensionHostProcess
# environment
HOME = /home/deepblue
# makefile (from 'Makefile', line 86)
LD_LIBRARY_PATH := :/home/deepblue/alusi/lean/cudnn8.2.0.53/lib64:/usr/local/cuda-10.2/lib64:
# environment
LESSCLOSE = /usr/bin/lesspipe %s %s
# environment
VSCODE_CODE_CACHE_PATH = /home/deepblue/.config/Code/CachedData/c3511e6c69bb39013c4a4b7b9566ec1ca73fc4d5
# environment
LOGNAME = deepblue
# environment
APPLICATION_INSIGHTS_NO_DIAGNOSTIC_CHANNEL = 1
# makefile (from 'Makefile', line 36)
cu_compile_flags := -std=c++11 -m64 -Xcompiler -fPIC -g -w -gencode=arch=compute_75,code=sm_75 -O0 -I~/0-liuanqi/lean/opencv/install//include/opencv2 -Ilibrary_paths -I:= -I~/0-liuanqi/lean/opencv/install//lib
# environment
CONDA_PROMPT_MODIFIER = 
# makefile (from 'Makefile', line 22)
export_path := 
# automatic
+F = $(notdir $+)
# environment
VSCODE_HANDLES_UNCAUGHT_ERRORS = true
# default
MAKE_VERSION := 4.1
# environment
GNOME_DESKTOP_SESSION_ID = this-is-deprecated
# automatic
^D = $(patsubst %/,%,$(dir $^))
# environment
XDG_VTNR = 2
# environment
LC_TIME = zh_CN.UTF-8
# environment
CONDA_DEFAULT_ENV = base
# default
MAKE = $(MAKE_COMMAND)
# default
MAKECMDGOALS := all
# environment
QT_IM_MODULE = fcitx
# environment
NUMBAPRO_NVVM = /usr/local/cuda-10.2/nvvm/lib64/libnvvm.so
# environment
SHLVL = 1
# makefile (from 'Makefile', line 4)
cpp_objs := objs/code.o
# environment
GNOME_SHELL_SESSION_MODE = ubuntu
# environment
VSCODE_IPC_HOOK_EXTHOST = /run/user/1000/vscode-ipc-7ea9cc1b-8935-4616-a757-ee3ea077ae16.sock
# environment
XDG_SESSION_ID = 3
# environment
USER = deepblue
# environment
LC_MONETARY = zh_CN.UTF-8
# makefile
.DEFAULT_GOAL := objs/code.o
# environment
XDG_CURRENT_DESKTOP = Unity
# automatic
%D = $(patsubst %/,%,$(dir $%))
# environment
LC_TELEPHONE = zh_CN.UTF-8
# makefile (from 'Makefile', line 23)
paths := 
# environment
CONDA_SHLVL = 1
# default
MAKE_COMMAND := make
# makefile (from 'Makefile', line 15)
lean_opencv := ~/0-liuanqi/lean/opencv/install/
# default
.VARIABLES := 
# automatic
*F = $(notdir $*)
# environment
LANGUAGE = zh_CN:en
# environment
VSCODE_IPC_HOOK = /run/user/1000/vscode-5fa1eff5-1.67.2-main.sock
# environment
PYTHONPATH = :/home/deepblue/alusi/nutonomy_pointpillars/
# makefile
MAKEFLAGS = pqrR
# environment
MFLAGS = -pqrR
# automatic
*D = $(patsubst %/,%,$(dir $*))
# environment
NUMBAPRO_LIBDEVICE = /usr/local/cuda-10.2/nvvm/libdevice
# automatic
+D = $(patsubst %/,%,$(dir $+))
# environment
GDK_BACKEND = x11
# environment
LC_PAPER = zh_CN.UTF-8
# environment
QT_ACCESSIBILITY = 1
# environment
DEFAULTS_PATH = /usr/share/gconf/ubuntu.default.path
# environment
TEXTDOMAINDIR = /usr/share/locale/
# default
MAKEFILES := 
# environment
LC_NUMERIC = zh_CN.UTF-8
# automatic
<F = $(notdir $<)
# environment
LC_MEASUREMENT = zh_CN.UTF-8
# environment
LC_ALL = C
# environment
CONDA_PYTHON_EXE = /home/deepblue/anaconda3/bin/python
# environment
QT4_IM_MODULE = fcitx
# environment
GJS_DEBUG_TOPICS = JS ERROR;JS LOG
# automatic
^F = $(notdir $^)
# environment
NUMBAPRO_CUDA_DRIVER = /usr/lib/x86_64-linux-gnu/libcuda.so
# default
SUFFIXES := 
# environment
CHROME_DESKTOP = code-url-handler.desktop
# environment
WINDOWPATH = 2
# default
.INCLUDE_DIRS = /usr/include /usr/local/include /usr/include
# environment
LC_IDENTIFICATION = zh_CN.UTF-8
# makefile (from 'Makefile', line 24)
include_paths := -I~/0-liuanqi/lean/opencv/install//include/opencv2 -Ilibrary_paths -I:= -I~/0-liuanqi/lean/opencv/install//lib
 
# default
.RECIPEPREFIX := 
# environment
LC_ADDRESS = zh_CN.UTF-8
# environment
LANG = C
# environment
VSCODE_PID = 19726
# variable set hash-table stats:
# Load=137/1024=13%, Rehash=0, Collisions=26/203=13%

# Pattern-specific Variable Values

# No pattern-specific variable values.

# Directories

# . (device 2050, inode 5440329): 7 files, no impossibilities.
# src (device 2050, inode 5440332): No files, no impossibilities so far.

# 7 files, no impossibilities in 2 directories.

# Implicit Rules

objs/%.o: src/%.cpp
#  recipe to execute (from 'Makefile', line 55):
	@echo Compile CXX $<
	@mkdir -p $(dir $@)
	@g++ -c $< -o $@ $(cpp_compile_flags)

objs/%.cuo: src/%.cu
#  recipe to execute (from 'Makefile', line 60):
	@echo Compile CUDA $<
	@mkdir -p $(dir $@)
	@nvcc -c $< -o $@ $(cu_compile_flags)

objs/%.mk: src/%.cpp
#  recipe to execute (from 'Makefile', line 65):
	@echo Compile depends CXX $<
	@mkdir -p $(dir $@)
	@g++ -M $< -MF $@ -MT $(@:.mk=.o) $(cpp_compile_flags)
	

objs/%.cumk: src/%.cu
#  recipe to execute (from 'Makefile', line 70):
	@echo Compile depends CUDA $<
	@mkdir -p $(dir $@)
	@nvcc -M $< -MF $@ -MT $(@:.cumk=.cuo) $(cu_compile_flags)

# 4 implicit rules, 0 (0.0%) terminal.

# Files

# Not a target:
/usr/include/c++/7/bits/char_traits.h:
#  Implicit rule search has not been done.
#  Modification time never checked.
#  File has not been updated.

# Not a target:
/usr/include/c++/7/bits/locale_facets.h:
#  Implicit rule search has not been done.
#  Modification time never checked.
#  File has not been updated.

# Not a target:
/usr/include/c++/7/cstring:
#  Implicit rule search has not been done.
#  Modification time never checked.
#  File has not been updated.

# Not a target:
/usr/include/c++/7/cstdlib:
#  Implicit rule search has not been done.
#  Modification time never checked.
#  File has not been updated.

# Not a target:
/usr/include/c++/7/iosfwd:
#  Implicit rule search has not been done.
#  Modification time never checked.
#  File has not been updated.

# Not a target:
/usr/include/x86_64-linux-gnu/bits/mathcalls.h:
#  Implicit rule search has not been done.
#  Modification time never checked.
#  File has not been updated.

# Not a target:
/usr/include/x86_64-linux-gnu/bits/endian.h:
#  Implicit rule search has not been done.
#  Modification time never checked.
#  File has not been updated.

# Not a target:
/usr/include/stdlib.h:
#  Implicit rule search has not been done.
#  Modification time never checked.
#  File has not been updated.

# Not a target:
/usr/include/c++/7/streambuf:
#  Implicit rule search has not been done.
#  Modification time never checked.
#  File has not been updated.

# Not a target:
/usr/include/opencv2/imgproc/imgproc_c.h:
#  Implicit rule search has not been done.
#  Modification time never checked.
#  File has not been updated.

# Not a target:
/usr/include/x86_64-linux-gnu/bits/libio.h:
#  Implicit rule search has not been done.
#  Modification time never checked.
#  File has not been updated.

# Not a target:
/usr/include/c++/7/ext/atomicity.h:
#  Implicit rule search has not been done.
#  Modification time never checked.
#  File has not been updated.

# Not a target:
/usr/include/c++/7/initializer_list:
#  Implicit rule search has not been done.
#  Modification time never checked.
#  File has not been updated.

# Not a target:
/usr/include/opencv2/calib3d/calib3d_c.h:
#  Implicit rule search has not been done.
#  Modification time never checked.
#  File has not been updated.

# Not a target:
/usr/include/opencv2/stitching/warpers.hpp:
#  Implicit rule search has not been done.
#  Modification time never checked.
#  File has not been updated.

# Not a target:
/usr/include/c++/7/bits/uses_allocator.h:
#  Implicit rule search has not been done.
#  Modification time never checked.
#  File has not been updated.

# Not a target:
/usr/include/c++/7/bits/stl_heap.h:
#  Implicit rule search has not been done.
#  Modification time never checked.
#  File has not been updated.

# Not a target:
/usr/include/opencv2/videostab/motion_stabilizing.hpp:
#  Implicit rule search has not been done.
#  Modification time never checked.
#  File has not been updated.

# Not a target:
/usr/include/x86_64-linux-gnu/bits/iscanonical.h:
#  Implicit rule search has not been done.
#  Modification time never checked.
#  File has not been updated.

# Not a target:
/usr/include/x86_64-linux-gnu/asm/errno.h:
#  Implicit rule search has not been done.
#  Modification time never checked.
#  File has not been updated.

# Not a target:
/usr/lib/gcc/x86_64-linux-gnu/7/include/xmmintrin.h:
#  Implicit rule search has not been done.
#  Modification time never checked.
#  File has not been updated.

# Not a target:
/usr/include/c++/7/bits/cxxabi_init_exception.h:
#  Implicit rule search has not been done.
#  Modification time never checked.
#  File has not been updated.

# Not a target:
/usr/include/opencv2/videostab/ring_buffer.hpp:
#  Implicit rule search has not been done.
#  Modification time never checked.
#  File has not been updated.

# Not a target:
/usr/include/x86_64-linux-gnu/bits/locale.h:
#  Implicit rule search has not been done.
#  Modification time never checked.
#  File has not been updated.

# Not a target:
/usr/include/x86_64-linux-gnu/bits/libc-header-start.h:
#  Implicit rule search has not been done.
#  Modification time never checked.
#  File has not been updated.

# Not a target:
/usr/lib/gcc/x86_64-linux-gnu/7/include-fixed/limits.h:
#  Implicit rule search has not been done.
#  Modification time never checked.
#  File has not been updated.

# Not a target:
/usr/include/x86_64-linux-gnu/bits/pthreadtypes.h:
#  Implicit rule search has not been done.
#  Modification time never checked.
#  File has not been updated.

# Not a target:
/usr/include/opencv2/viz/viz3d.hpp:
#  Implicit rule search has not been done.
#  Modification time never checked.
#  File has not been updated.

# Not a target:
/usr/include/opencv2/videostab/global_motion.hpp:
#  Implicit rule search has not been done.
#  Modification time never checked.
#  File has not been updated.

# Not a target:
/usr/include/opencv2/flann/composite_index.h:
#  Implicit rule search has not been done.
#  Modification time never checked.
#  File has not been updated.

# Not a target:
/usr/include/x86_64-linux-gnu/bits/types/__FILE.h:
#  Implicit rule search has not been done.
#  Modification time never checked.
#  File has not been updated.

# Not a target:
/usr/include/wctype.h:
#  Implicit rule search has not been done.
#  Modification time never checked.
#  File has not been updated.

# Not a target:
/usr/include/c++/7/math.h:
#  Implicit rule search has not been done.
#  Modification time never checked.
#  File has not been updated.

# Not a target:
/usr/include/stdio.h:
#  Implicit rule search has not been done.
#  Modification time never checked.
#  File has not been updated.

# Not a target:
/usr/include/x86_64-linux-gnu/c++/7/bits/c++allocator.h:
#  Implicit rule search has not been done.
#  Modification time never checked.
#  File has not been updated.

# Not a target:
/usr/include/c++/7/bits/ostream_insert.h:
#  Implicit rule search has not been done.
#  Modification time never checked.
#  File has not been updated.

# Not a target:
/usr/include/opencv2/video/tracking_c.h:
#  Implicit rule search has not been done.
#  Modification time never checked.
#  File has not been updated.

# Not a target:
/usr/include/opencv2/videostab/fast_marching.hpp:
#  Implicit rule search has not been done.
#  Modification time never checked.
#  File has not been updated.

# Not a target:
/usr/include/opencv2/flann/params.h:
#  Implicit rule search has not been done.
#  Modification time never checked.
#  File has not been updated.

# Not a target:
/usr/include/c++/7/deque:
#  Implicit rule search has not been done.
#  Modification time never checked.
#  File has not been updated.

# Not a target:
 
all:
#  Command line target.
#  Implicit rule search has been done.
#  File does not exist.
#  File has not been updated.

# Not a target:
/usr/include/c++/7/stdexcept:
#  Implicit rule search has not been done.
#  Modification time never checked.
#  File has not been updated.

yolo:
#  Phony target (prerequisite of .PHONY).
#  Implicit rule search has not been done.
#  File does not exist.
#  File has not been updated.

# Not a target:
/usr/include/opencv2/core/optim.hpp:
#  Implicit rule search has not been done.
#  Modification time never checked.
#  File has not been updated.

# Not a target:
/usr/include/opencv2/opencv.hpp:
#  Implicit rule search has not been done.
#  Modification time never checked.
#  File has not been updated.

# Not a target:
/usr/include/opencv2/videostab/optical_flow.hpp:
#  Implicit rule search has not been done.
#  Modification time never checked.
#  File has not been updated.

# Not a target:
/usr/include/opencv2/ximgproc/paillou_filter.hpp:
#  Implicit rule search has not been done.
#  Modification time never checked.
#  File has not been updated.

# Not a target:
/usr/include/opencv2/flann/result_set.h:
#  Implicit rule search has not been done.
#  Modification time never checked.
#  File has not been updated.

# Not a target:
/usr/include/linux/errno.h:
#  Implicit rule search has not been done.
#  Modification time never checked.
#  File has not been updated.

# Not a target:
/usr/include/x86_64-linux-gnu/bits/cpu-set.h:
#  Implicit rule search has not been done.
#  Modification time never checked.
#  File has not been updated.

# Not a target:
/usr/include/c++/7/ext/alloc_traits.h:
#  Implicit rule search has not been done.
#  Modification time never checked.
#  File has not been updated.

# Not a target:
/usr/include/opencv2/highgui/highgui_c.h:
#  Implicit rule search has not been done.
#  Modification time never checked.
#  File has not been updated.

# Not a target:
/usr/include/opencv2/stitching/detail/util.hpp:
#  Implicit rule search has not been done.
#  Modification time never checked.
#  File has not been updated.

.PHONY: clean yolo alphapose fall debug
#  Implicit rule search has not been done.
#  Modification time never checked.
#  File has not been updated.

# Not a target:
/usr/include/c++/7/bits/stl_construct.h:
#  Implicit rule search has not been done.
#  Modification time never checked.
#  File has not been updated.

# Not a target:
/usr/include/c++/7/ios:
#  Implicit rule search has not been done.
#  Modification time never checked.
#  File has not been updated.

# Not a target:
/usr/include/c++/7/bits/codecvt.h:
#  Implicit rule search has not been done.
#  Modification time never checked.
#  File has not been updated.

# Not a target:
/usr/include/c++/7/sstream:
#  Implicit rule search has not been done.
#  Modification time never checked.
#  File has not been updated.

# Not a target:
/usr/include/opencv2/shape/hist_cost.hpp:
#  Implicit rule search has not been done.
#  Modification time never checked.
#  File has not been updated.

# Not a target:
/usr/include/c++/7/bits/locale_conv.h:
#  Implicit rule search has not been done.
#  Modification time never checked.
#  File has not been updated.

# Not a target:
/usr/include/opencv2/videostab/frame_source.hpp:
#  Implicit rule search has not been done.
#  Modification time never checked.
#  File has not been updated.

# Not a target:
/usr/include/c++/7/bits/predefined_ops.h:
#  Implicit rule search has not been done.
#  Modification time never checked.
#  File has not been updated.

# Not a target:
/usr/include/opencv2/core/core_c.h:
#  Implicit rule search has not been done.
#  Modification time never checked.
#  File has not been updated.

# Not a target:
/usr/include/opencv2/video.hpp:
#  Implicit rule search has not been done.
#  Modification time never checked.
#  File has not been updated.

# Not a target:
/usr/include/c++/7/bits/hashtable.h:
#  Implicit rule search has not been done.
#  Modification time never checked.
#  File has not been updated.

# Not a target:
/usr/include/c++/7/cfloat:
#  Implicit rule search has not been done.
#  Modification time never checked.
#  File has not been updated.

# Not a target:
/usr/include/c++/7/bits/streambuf.tcc:
#  Implicit rule search has not been done.
#  Modification time never checked.
#  File has not been updated.

# Not a target:
/usr/include/c++/7/cctype:
#  Implicit rule search has not been done.
#  Modification time never checked.
#  File has not been updated.

# Not a target:
/usr/include/limits.h:
#  Implicit rule search has not been done.
#  Modification time never checked.
#  File has not been updated.

# Not a target:
/usr/include/c++/7/cerrno:
#  Implicit rule search has not been done.
#  Modification time never checked.
#  File has not been updated.

# Not a target:
/usr/include/c++/7/bits/stl_set.h:
#  Implicit rule search has not been done.
#  Modification time never checked.
#  File has not been updated.

# Not a target:
/usr/include/opencv2/stitching/detail/motion_estimators.hpp:
#  Implicit rule search has not been done.
#  Modification time never checked.
#  File has not been updated.

# Not a target:
/usr/include/c++/7/bits/stl_relops.h:
#  Implicit rule search has not been done.
#  Modification time never checked.
#  File has not been updated.

# Not a target:
/usr/include/c++/7/map:
#  Implicit rule search has not been done.
#  Modification time never checked.
#  File has not been updated.

# Not a target:
/usr/include/c++/7/ctime:
#  Implicit rule search has not been done.
#  Modification time never checked.
#  File has not been updated.

# Not a target:
/usr/include/c++/7/bits/algorithmfwd.h:
#  Implicit rule search has not been done.
#  Modification time never checked.
#  File has not been updated.

# Not a target:
/usr/include/c++/7/bits/basic_string.tcc:
#  Implicit rule search has not been done.
#  Modification time never checked.
#  File has not been updated.

# Not a target:
/usr/include/x86_64-linux-gnu/bits/pthreadtypes-arch.h:
#  Implicit rule search has not been done.
#  Modification time never checked.
#  File has not been updated.

# Not a target:
/usr/include/opencv2/superres.hpp:
#  Implicit rule search has not been done.
#  Modification time never checked.
#  File has not been updated.

# Not a target:
/usr/include/c++/7/bits/allocator.h:
#  Implicit rule search has not been done.
#  Modification time never checked.
#  File has not been updated.

# Not a target:
/usr/include/c++/7/istream:
#  Implicit rule search has not been done.
#  Modification time never checked.
#  File has not been updated.

# Not a target:
/usr/include/opencv2/core/affine.hpp:
#  Implicit rule search has not been done.
#  Modification time never checked.
#  File has not been updated.

# Not a target:
/usr/include/c++/7/bits/hashtable_policy.h:
#  Implicit rule search has not been done.
#  Modification time never checked.
#  File has not been updated.

# Not a target:
/usr/include/opencv2/objdetect.hpp:
#  Implicit rule search has not been done.
#  Modification time never checked.
#  File has not been updated.

# Not a target:
/usr/include/c++/7/bits/postypes.h:
#  Implicit rule search has not been done.
#  Modification time never checked.
#  File has not been updated.

# Not a target:
/usr/include/opencv2/stitching/detail/warpers.hpp:
#  Implicit rule search has not been done.
#  Modification time never checked.
#  File has not been updated.

# Not a target:
/usr/include/c++/7/ext/new_allocator.h:
#  Implicit rule search has not been done.
#  Modification time never checked.
#  File has not been updated.

# Not a target:
/usr/include/opencv2/video/background_segm.hpp:
#  Implicit rule search has not been done.
#  Modification time never checked.
#  File has not been updated.

# Not a target:
/usr/include/opencv2/ximgproc/weighted_median_filter.hpp:
#  Implicit rule search has not been done.
#  Modification time never checked.
#  File has not been updated.

# Not a target:
 
/usr/include/c++/7/ext/numeric_traits.h:
#  Implicit rule search has not been done.
#  Modification time never checked.
#  File has not been updated.

# Not a target:
/usr/include/opencv2/videostab/inpainting.hpp:
#  Implicit rule search has not been done.
#  Modification time never checked.
#  File has not been updated.

# Not a target:
/usr/include/x86_64-linux-gnu/gnu/stubs.h:
#  Implicit rule search has not been done.
#  Modification time never checked.
#  File has not been updated.

# Not a target:
/usr/include/x86_64-linux-gnu/bits/types/sigset_t.h:
#  Implicit rule search has not been done.
#  Modification time never checked.
#  File has not been updated.

# Not a target:
/usr/include/c++/7/string:
#  Implicit rule search has not been done.
#  Modification time never checked.
#  File has not been updated.

# Not a target:
/usr/include/c++/7/bits/hash_bytes.h:
#  Implicit rule search has not been done.
#  Modification time never checked.
#  File has not been updated.

# Not a target:
/usr/include/c++/7/bits/deque.tcc:
#  Implicit rule search has not been done.
#  Modification time never checked.
#  File has not been updated.

# Not a target:
/usr/include/x86_64-linux-gnu/bits/fp-fast.h:
#  Implicit rule search has not been done.
#  Modification time never checked.
#  File has not been updated.

# Not a target:
/usr/include/opencv2/core/fast_math.hpp:
#  Implicit rule search has not been done.
#  Modification time never checked.
#  File has not been updated.

# Not a target:
src/code.cpp:
#  Implicit rule search has been done.
#  Last modified 2022-08-08 16:23:26.857526126
#  File has been updated.
#  Successfully updated.

# Not a target:
/usr/include/opencv2/videostab/wobble_suppression.hpp:
#  Implicit rule search has not been done.
#  Modification time never checked.
#  File has not been updated.

# Not a target:
/usr/include/c++/7/iostream:
#  Implicit rule search has not been done.
#  Modification time never checked.
#  File has not been updated.

# Not a target:
/usr/include/c++/7/debug/debug.h:
#  Implicit rule search has not been done.
#  Modification time never checked.
#  File has not been updated.

# Not a target:
/usr/include/x86_64-linux-gnu/bits/_G_config.h:
#  Implicit rule search has not been done.
#  Modification time never checked.
#  File has not been updated.

# Not a target:
/usr/include/c++/7/bits/unique_ptr.h:
#  Implicit rule search has not been done.
#  Modification time never checked.
#  File has not been updated.

# Not a target:
/usr/include/c++/7/bits/stl_deque.h:
#  Implicit rule search has not been done.
#  Modification time never checked.
#  File has not been updated.

# Not a target:
/usr/include/opencv2/stitching/detail/exposure_compensate.hpp:
#  Implicit rule search has not been done.
#  Modification time never checked.
#  File has not been updated.

# Not a target:
/usr/include/opencv2/core/ovx.hpp:
#  Implicit rule search has not been done.
#  Modification time never checked.
#  File has not been updated.

# Not a target:
/usr/include/wchar.h:
#  Implicit rule search has not been done.
#  Modification time never checked.
#  File has not been updated.

# Not a target:
/usr/include/opencv2/flann/hierarchical_clustering_index.h:
#  Implicit rule search has not been done.
#  Modification time never checked.
#  File has not been updated.

# Not a target:
/usr/include/c++/7/bits/alloc_traits.h:
#  Implicit rule search has not been done.
#  Modification time never checked.
#  File has not been updated.

# Not a target:
/usr/include/c++/7/bits/stl_iterator_base_funcs.h:
#  Implicit rule search has not been done.
#  Modification time never checked.
#  File has not been updated.

# Not a target:
/usr/include/c++/7/bits/sstream.tcc:
#  Implicit rule search has not been done.
#  Modification time never checked.
#  File has not been updated.

# Not a target:
/usr/include/c++/7/vector:
#  Implicit rule search has not been done.
#  Modification time never checked.
#  File has not been updated.

# Not a target:
/usr/include/x86_64-linux-gnu/bits/waitflags.h:
#  Implicit rule search has not been done.
#  Modification time never checked.
#  File has not been updated.

# Not a target:
/usr/include/c++/7/ext/string_conversions.h:
#  Implicit rule search has not been done.
#  Modification time never checked.
#  File has not been updated.

# Not a target:
/usr/include/opencv2/core/traits.hpp:
#  Implicit rule search has not been done.
#  Modification time never checked.
#  File has not been updated.

# Not a target:
/usr/include/x86_64-linux-gnu/bits/setjmp.h:
#  Implicit rule search has not been done.
#  Modification time never checked.
#  File has not been updated.

# Not a target:
Makefile:
#  Implicit rule search has been done.
#  Last modified 2022-08-08 15:46:50.306633412
#  File has been updated.
#  Successfully updated.

# Not a target:
/usr/lib/gcc/x86_64-linux-gnu/7/include-fixed/syslimits.h:
#  Implicit rule search has not been done.
#  Modification time never checked.
#  File has not been updated.

# Not a target:
/usr/include/c++/7/climits:
#  Implicit rule search has not been done.
#  Modification time never checked.
#  File has not been updated.

# Not a target:
/usr/include/c++/7/bits/basic_string.h:
#  Implicit rule search has not been done.
#  Modification time never checked.
#  File has not been updated.

# Not a target:
/usr/include/strings.h:
#  Implicit rule search has not been done.
#  Modification time never checked.
#  File has not been updated.

# Not a target:
/usr/include/c++/7/locale:
#  Implicit rule search has not been done.
#  Modification time never checked.
#  File has not been updated.

# Not a target:
/usr/include/c++/7/bits/stl_multiset.h:
#  Implicit rule search has not been done.
#  Modification time never checked.
#  File has not been updated.

# Not a target:
/usr/include/c++/7/bits/functional_hash.h:
#  Implicit rule search has not been done.
#  Modification time never checked.
#  File has not been updated.

# Not a target:
/usr/include/x86_64-linux-gnu/bits/floatn.h:
#  Implicit rule search has not been done.
#  Modification time never checked.
#  File has not been updated.

# Not a target:
/usr/include/opencv2/core/cuda.hpp:
#  Implicit rule search has not been done.
#  Modification time never checked.
#  File has not been updated.

# Not a target:
/usr/include/x86_64-linux-gnu/bits/select.h:
#  Implicit rule search has not been done.
#  Modification time never checked.
#  File has not been updated.

# Not a target:
/usr/include/opencv2/flann/autotuned_index.h:
#  Implicit rule search has not been done.
#  Modification time never checked.
#  File has not been updated.

debug:
#  Phony target (prerequisite of .PHONY).
#  Implicit rule search has not been done.
#  File does not exist.
#  File has not been updated.
#  recipe to execute (from 'Makefile', line 78):
	@echo $(export_path)

# Not a target:
/usr/lib/gcc/x86_64-linux-gnu/7/include/float.h:
#  Implicit rule search has not been done.
#  Modification time never checked.
#  File has not been updated.

# Not a target:
/usr/include/opencv2/ximgproc/structured_edge_detection.hpp:
#  Implicit rule search has not been done.
#  Modification time never checked.
#  File has not been updated.

# Not a target:
/usr/lib/gcc/x86_64-linux-gnu/7/include/mmintrin.h:
#  Implicit rule search has not been done.
#  Modification time never checked.
#  File has not been updated.

# Not a target:
/usr/include/opencv2/flann/timer.h:
#  Implicit rule search has not been done.
#  Modification time never checked.
#  File has not been updated.

# Not a target:
/usr/include/opencv2/ximgproc/estimated_covariance.hpp:
#  Implicit rule search has not been done.
#  Modification time never checked.
#  File has not been updated.

# Not a target:
/usr/include/c++/7/bits/istream.tcc:
#  Implicit rule search has not been done.
#  Modification time never checked.
#  File has not been updated.

# Not a target:
/usr/include/opencv2/stitching/detail/seam_finders.hpp:
#  Implicit rule search has not been done.
#  Modification time never checked.
#  File has not been updated.

# Not a target:
/usr/include/x86_64-linux-gnu/c++/7/bits/ctype_base.h:
#  Implicit rule search has not been done.
#  Modification time never checked.
#  File has not been updated.

# Not a target:
/usr/include/opencv2/ximgproc.hpp:
 
#  Implicit rule search has not been done.
#  Modification time never checked.
#  File has not been updated.

# Not a target:
/usr/lib/gcc/x86_64-linux-gnu/7/include/stdint.h:
#  Implicit rule search has not been done.
#  Modification time never checked.
#  File has not been updated.

# Not a target:
/usr/include/opencv2/videostab/outlier_rejection.hpp:
#  Implicit rule search has not been done.
#  Modification time never checked.
#  File has not been updated.

pro: workspace/pro
#  Implicit rule search has not been done.
#  Modification time never checked.
#  File has not been updated.

# Not a target:
/usr/include/c++/7/cstdint:
#  Implicit rule search has not been done.
#  Modification time never checked.
#  File has not been updated.

# Not a target:
/usr/include/x86_64-linux-gnu/c++/7/bits/ctype_inline.h:
#  Implicit rule search has not been done.
#  Modification time never checked.
#  File has not been updated.

# Not a target:
/usr/include/opencv2/core/persistence.hpp:
#  Implicit rule search has not been done.
#  Modification time never checked.
#  File has not been updated.

# Not a target:
/usr/include/c++/7/system_error:
#  Implicit rule search has not been done.
#  Modification time never checked.
#  File has not been updated.

# Not a target:
/usr/include/x86_64-linux-gnu/bits/types/wint_t.h:
#  Implicit rule search has not been done.
#  Modification time never checked.
#  File has not been updated.

# Not a target:
/usr/include/opencv2/shape.hpp:
#  Implicit rule search has not been done.
#  Modification time never checked.
#  File has not been updated.

# Not a target:
/usr/include/opencv2/core/saturate.hpp:
#  Implicit rule search has not been done.
#  Modification time never checked.
#  File has not been updated.

# Not a target:
/usr/include/opencv2/core/mat.hpp:
#  Implicit rule search has not been done.
#  Modification time never checked.
#  File has not been updated.

# Not a target:
/usr/include/c++/7/bits/ios_base.h:
#  Implicit rule search has not been done.
#  Modification time never checked.
#  File has not been updated.

# Not a target:
/usr/include/opencv2/opencv_modules.hpp:
#  Implicit rule search has not been done.
#  Modification time never checked.
#  File has not been updated.

# Not a target:
/usr/include/c++/7/bits/functexcept.h:
#  Implicit rule search has not been done.
#  Modification time never checked.
#  File has not been updated.

# Not a target:
/usr/include/c++/7/bits/vector.tcc:
#  Implicit rule search has not been done.
#  Modification time never checked.
#  File has not been updated.

# Not a target:
/usr/include/opencv2/flann/kdtree_index.h:
#  Implicit rule search has not been done.
#  Modification time never checked.
#  File has not been updated.

# Not a target:
/usr/include/x86_64-linux-gnu/bits/long-double.h:
#  Implicit rule search has not been done.
#  Modification time never checked.
#  File has not been updated.

# Not a target:
/usr/include/c++/7/bits/unordered_map.h:
#  Implicit rule search has not been done.
#  Modification time never checked.
#  File has not been updated.

# Not a target:
/usr/include/features.h:
#  Implicit rule search has not been done.
#  Modification time never checked.
#  File has not been updated.

# Not a target:
/usr/include/opencv2/viz.hpp:
#  Implicit rule search has not been done.
#  Modification time never checked.
#  File has not been updated.

# Not a target:
/usr/include/c++/7/bits/stl_iterator_base_types.h:
#  Implicit rule search has not been done.
#  Modification time never checked.
#  File has not been updated.

# Not a target:
/usr/include/x86_64-linux-gnu/bits/types/time_t.h:
#  Implicit rule search has not been done.
#  Modification time never checked.
#  File has not been updated.

# Not a target:
/usr/include/c++/7/bits/std_abs.h:
#  Implicit rule search has not been done.
#  Modification time never checked.
#  File has not been updated.

# Not a target:
/usr/include/c++/7/ext/aligned_buffer.h:
#  Implicit rule search has not been done.
#  Modification time never checked.
#  File has not been updated.

# Not a target:
/usr/include/opencv2/videostab/stabilizer.hpp:
#  Implicit rule search has not been done.
#  Modification time never checked.
#  File has not been updated.

# Not a target:
/usr/include/c++/7/bits/stl_bvector.h:
#  Implicit rule search has not been done.
#  Modification time never checked.
#  File has not been updated.

# Not a target:
/usr/include/opencv2/imgcodecs.hpp:
#  Implicit rule search has not been done.
#  Modification time never checked.
#  File has not been updated.

# Not a target:
/usr/include/c++/7/set:
#  Implicit rule search has not been done.
#  Modification time never checked.
#  File has not been updated.

# Not a target:
/usr/include/c++/7/bits/locale_classes.tcc:
#  Implicit rule search has not been done.
#  Modification time never checked.
#  File has not been updated.

# Not a target:
/usr/include/c++/7/bits/nested_exception.h:
#  Implicit rule search has not been done.
#  Modification time never checked.
#  File has not been updated.

# Not a target:
/usr/include/opencv2/core/operations.hpp:
#  Implicit rule search has not been done.
#  Modification time never checked.
#  File has not been updated.

# Not a target:
/usr/include/opencv2/ximgproc/slic.hpp:
#  Implicit rule search has not been done.
#  Modification time never checked.
#  File has not been updated.

# Not a target:
/usr/include/opencv2/flann/index_testing.h:
#  Implicit rule search has not been done.
#  Modification time never checked.
#  File has not been updated.

# Not a target:
/usr/include/opencv2/videostab.hpp:
#  Implicit rule search has not been done.
#  Modification time never checked.
#  File has not been updated.

# Not a target:
/usr/include/errno.h:
#  Implicit rule search has not been done.
#  Modification time never checked.
#  File has not been updated.

# Not a target:
/usr/include/c++/7/type_traits:
#  Implicit rule search has not been done.
#  Modification time never checked.
#  File has not been updated.

# Not a target:
/usr/include/alloca.h:
#  Implicit rule search has not been done.
#  Modification time never checked.
#  File has not been updated.

# Not a target:
/usr/include/opencv2/core/cvdef.h:
#  Implicit rule search has not been done.
#  Modification time never checked.
#  File has not been updated.

# Not a target:
/usr/include/opencv2/core/mat.inl.hpp:
#  Implicit rule search has not been done.
#  Modification time never checked.
#  File has not been updated.

# Not a target:
/usr/lib/gcc/x86_64-linux-gnu/7/include/stdarg.h:
#  Implicit rule search has not been done.
#  Modification time never checked.
#  File has not been updated.

# Not a target:
/usr/include/opencv2/flann/kmeans_index.h:
#  Implicit rule search has not been done.
#  Modification time never checked.
#  File has not been updated.

# Not a target:
/usr/include/c++/7/bits/stl_queue.h:
#  Implicit rule search has not been done.
#  Modification time never checked.
#  File has not been updated.

# Not a target:
/usr/include/opencv2/flann/lsh_table.h:
#  Implicit rule search has not been done.
#  Modification time never checked.
#  File has not been updated.

# Not a target:
/usr/include/opencv2/core/bufferpool.hpp:
#  Implicit rule search has not been done.
#  Modification time never checked.
#  File has not been updated.

# Not a target:
/usr/include/c++/7/bits/localefwd.h:
#  Implicit rule search has not been done.
#  Modification time never checked.
#  File has not been updated.

# Not a target:
/usr/include/opencv2/viz/vizcore.hpp:
#  Implicit rule search has not been done.
#  Modification time never checked.
#  File has not been updated.

# Not a target:
/usr/include/opencv2/ml.hpp:
#  Implicit rule search has not been done.
#  Modification time never checked.
#  File has not been updated.
 

# Not a target:
/usr/include/opencv2/flann/kdtree_single_index.h:
#  Implicit rule search has not been done.
#  Modification time never checked.
#  File has not been updated.

# Not a target:
/usr/include/c++/7/bits/stl_uninitialized.h:
#  Implicit rule search has not been done.
#  Modification time never checked.
#  File has not been updated.

# Not a target:
/usr/include/time.h:
#  Implicit rule search has not been done.
#  Modification time never checked.
#  File has not been updated.

# Not a target:
/usr/include/c++/7/exception:
#  Implicit rule search has not been done.
#  Modification time never checked.
#  File has not been updated.

# Not a target:
/usr/include/x86_64-linux-gnu/bits/sched.h:
#  Implicit rule search has not been done.
#  Modification time never checked.
#  File has not been updated.

# Not a target:
/usr/include/opencv2/flann/any.h:
#  Implicit rule search has not been done.
#  Modification time never checked.
#  File has not been updated.

# Not a target:
/usr/include/c++/7/bits/stl_pair.h:
#  Implicit rule search has not been done.
#  Modification time never checked.
#  File has not been updated.

# Not a target:
/usr/include/opencv2/videostab/fast_marching_inl.hpp:
#  Implicit rule search has not been done.
#  Modification time never checked.
#  File has not been updated.

# Not a target:
/usr/include/opencv2/core/types_c.h:
#  Implicit rule search has not been done.
#  Modification time never checked.
#  File has not been updated.

# Not a target:
/usr/include/opencv2/flann/general.h:
#  Implicit rule search has not been done.
#  Modification time never checked.
#  File has not been updated.

# Not a target:
/usr/include/opencv2/flann/allocator.h:
#  Implicit rule search has not been done.
#  Modification time never checked.
#  File has not been updated.

# Not a target:
/usr/include/string.h:
#  Implicit rule search has not been done.
#  Modification time never checked.
#  File has not been updated.

# Not a target:
/usr/include/x86_64-linux-gnu/bits/wctype-wchar.h:
#  Implicit rule search has not been done.
#  Modification time never checked.
#  File has not been updated.

# Not a target:
/usr/include/opencv2/flann/heap.h:
#  Implicit rule search has not been done.
#  Modification time never checked.
#  File has not been updated.

# Not a target:
/usr/include/c++/7/list:
#  Implicit rule search has not been done.
#  Modification time never checked.
#  File has not been updated.

# Not a target:
/usr/include/x86_64-linux-gnu/bits/types/clock_t.h:
#  Implicit rule search has not been done.
#  Modification time never checked.
#  File has not been updated.

# Not a target:
/usr/include/asm-generic/errno-base.h:
#  Implicit rule search has not been done.
#  Modification time never checked.
#  File has not been updated.

# Not a target:
/usr/include/x86_64-linux-gnu/bits/types/struct_timespec.h:
#  Implicit rule search has not been done.
#  Modification time never checked.
#  File has not been updated.

# Not a target:
/usr/include/c++/7/bits/stl_tree.h:
#  Implicit rule search has not been done.
#  Modification time never checked.
#  File has not been updated.

# Not a target:
/usr/include/x86_64-linux-gnu/c++/7/bits/messages_members.h:
#  Implicit rule search has not been done.
#  Modification time never checked.
#  File has not been updated.

# Not a target:
/usr/include/c++/7/bits/stringfwd.h:
#  Implicit rule search has not been done.
#  Modification time never checked.
#  File has not been updated.

# Not a target:
/usr/include/opencv2/flann/random.h:
#  Implicit rule search has not been done.
#  Modification time never checked.
#  File has not been updated.

# Not a target:
/usr/include/opencv2/videoio.hpp:
#  Implicit rule search has not been done.
#  Modification time never checked.
#  File has not been updated.

# Not a target:
/usr/include/endian.h:
#  Implicit rule search has not been done.
#  Modification time never checked.
#  File has not been updated.

# Not a target:
/usr/include/c++/7/ext/type_traits.h:
#  Implicit rule search has not been done.
#  Modification time never checked.
#  File has not been updated.

# Not a target:
/usr/include/c++/7/array:
#  Implicit rule search has not been done.
#  Modification time never checked.
#  File has not been updated.

# Not a target:
/usr/include/opencv2/flann/matrix.h:
#  Implicit rule search has not been done.
#  Modification time never checked.
#  File has not been updated.

# Not a target:
/usr/include/c++/7/bits/locale_classes.h:
#  Implicit rule search has not been done.
#  Modification time never checked.
#  File has not been updated.

# Not a target:
/usr/include/c++/7/unordered_map:
#  Implicit rule search has not been done.
#  Modification time never checked.
#  File has not been updated.

# Not a target:
/usr/include/opencv2/stitching/detail/camera.hpp:
#  Implicit rule search has not been done.
#  Modification time never checked.
#  File has not been updated.

# Not a target:
/usr/include/x86_64-linux-gnu/bits/posix1_lim.h:
#  Implicit rule search has not been done.
#  Modification time never checked.
#  File has not been updated.

# Not a target:
/usr/include/x86_64-linux-gnu/bits/timex.h:
#  Implicit rule search has not been done.
#  Modification time never checked.
#  File has not been updated.

# Not a target:
/usr/include/opencv2/core/cuda.inl.hpp:
#  Implicit rule search has not been done.
#  Modification time never checked.
#  File has not been updated.

# Not a target:
/usr/include/c++/7/algorithm:
#  Implicit rule search has not been done.
#  Modification time never checked.
#  File has not been updated.

# Not a target:
/usr/include/opencv2/viz/types.hpp:
#  Implicit rule search has not been done.
#  Modification time never checked.
#  File has not been updated.

# Not a target:
/usr/include/opencv2/photo/photo_c.h:
#  Implicit rule search has not been done.
#  Modification time never checked.
#  File has not been updated.

# Not a target:
/usr/include/opencv2/core/base.hpp:
#  Implicit rule search has not been done.
#  Modification time never checked.
#  File has not been updated.

# Not a target:
/usr/include/x86_64-linux-gnu/bits/stdint-intn.h:
#  Implicit rule search has not been done.
#  Modification time never checked.
#  File has not been updated.

# Not a target:
/usr/include/opencv2/core/matx.hpp:
#  Implicit rule search has not been done.
#  Modification time never checked.
#  File has not been updated.

# Not a target:
/usr/include/c++/7/bits/ptr_traits.h:
#  Implicit rule search has not been done.
#  Modification time never checked.
#  File has not been updated.

# Not a target:
/usr/include/opencv2/flann/dynamic_bitset.h:
#  Implicit rule search has not been done.
#  Modification time never checked.
#  File has not been updated.

# Not a target:
/usr/include/locale.h:
#  Implicit rule search has not been done.
#  Modification time never checked.
#  File has not been updated.

# Not a target:
/usr/include/x86_64-linux-gnu/bits/stdlib-float.h:
#  Implicit rule search has not been done.
#  Modification time never checked.
#  File has not been updated.

# Not a target:
/usr/include/c++/7/bits/stl_map.h:
#  Implicit rule search has not been done.
#  Modification time never checked.
#  File has not been updated.

# Not a target:
/usr/include/opencv2/shape/shape_distance.hpp:
#  Implicit rule search has not been done.
#  Modification time never checked.
#  File has not been updated.

# Not a target:
/usr/include/opencv2/flann/lsh_index.h:
#  Implicit rule search has not been done.
#  Modification time never checked.
#  File has not been updated.

# Not a target:
 
/usr/include/opencv2/viz/widgets.hpp:
#  Implicit rule search has not been done.
#  Modification time never checked.
#  File has not been updated.

# Not a target:
/usr/include/c++/7/backward/binders.h:
#  Implicit rule search has not been done.
#  Modification time never checked.
#  File has not been updated.

# Not a target:
/usr/include/opencv2/video/tracking.hpp:
#  Implicit rule search has not been done.
#  Modification time never checked.
#  File has not been updated.

# Not a target:
/usr/include/x86_64-linux-gnu/c++/7/bits/c++config.h:
#  Implicit rule search has not been done.
#  Modification time never checked.
#  File has not been updated.

# Not a target:
/usr/include/opencv2/photo.hpp:
#  Implicit rule search has not been done.
#  Modification time never checked.
#  File has not been updated.

# Not a target:
/usr/include/opencv2/videostab/log.hpp:
#  Implicit rule search has not been done.
#  Modification time never checked.
#  File has not been updated.

# Not a target:
/usr/include/c++/7/bits/stl_iterator.h:
#  Implicit rule search has not been done.
#  Modification time never checked.
#  File has not been updated.

objs/code.mk: src/code.cpp
#  Implicit rule search has been done.
#  Implicit/static pattern stem: 'code'
#  Last modified 2022-08-08 16:40:43.836805579
#  File has been updated.
#  Successfully updated.
#  recipe to execute (from 'Makefile', line 65):
	@echo Compile depends CXX $<
	@mkdir -p $(dir $@)
	@g++ -M $< -MF $@ -MT $(@:.mk=.o) $(cpp_compile_flags)
	

# Not a target:
.DEFAULT:
#  Implicit rule search has not been done.
#  Modification time never checked.
#  File has not been updated.

objs/code.o: src/code.cpp /usr/include/stdc-predef.h /usr/include/stdio.h /usr/include/x86_64-linux-gnu/bits/libc-header-start.h /usr/include/features.h /usr/include/x86_64-linux-gnu/sys/cdefs.h /usr/include/x86_64-linux-gnu/bits/wordsize.h /usr/include/x86_64-linux-gnu/bits/long-double.h /usr/include/x86_64-linux-gnu/gnu/stubs.h /usr/include/x86_64-linux-gnu/gnu/stubs-64.h /usr/lib/gcc/x86_64-linux-gnu/7/include/stddef.h /usr/include/x86_64-linux-gnu/bits/types.h /usr/include/x86_64-linux-gnu/bits/typesizes.h /usr/include/x86_64-linux-gnu/bits/types/__FILE.h /usr/include/x86_64-linux-gnu/bits/types/FILE.h /usr/include/x86_64-linux-gnu/bits/libio.h /usr/include/x86_64-linux-gnu/bits/_G_config.h /usr/include/x86_64-linux-gnu/bits/types/__mbstate_t.h /usr/lib/gcc/x86_64-linux-gnu/7/include/stdarg.h /usr/include/x86_64-linux-gnu/bits/stdio_lim.h /usr/include/x86_64-linux-gnu/bits/sys_errlist.h /usr/include/c++/7/iostream /usr/include/x86_64-linux-gnu/c++/7/bits/c++config.h /usr/include/x86_64-linux-gnu/c++/7/bits/os_defines.h /usr/include/x86_64-linux-gnu/c++/7/bits/cpu_defines.h /usr/include/c++/7/ostream /usr/include/c++/7/ios /usr/include/c++/7/iosfwd /usr/include/c++/7/bits/stringfwd.h /usr/include/c++/7/bits/memoryfwd.h /usr/include/c++/7/bits/postypes.h /usr/include/c++/7/cwchar /usr/include/wchar.h /usr/include/x86_64-linux-gnu/bits/floatn.h /usr/include/x86_64-linux-gnu/bits/floatn-common.h /usr/include/x86_64-linux-gnu/bits/wchar.h /usr/include/x86_64-linux-gnu/bits/types/wint_t.h /usr/include/x86_64-linux-gnu/bits/types/mbstate_t.h /usr/include/x86_64-linux-gnu/bits/types/locale_t.h /usr/include/x86_64-linux-gnu/bits/types/__locale_t.h /usr/include/c++/7/exception /usr/include/c++/7/bits/exception.h /usr/include/c++/7/bits/exception_ptr.h /usr/include/c++/7/bits/exception_defines.h /usr/include/c++/7/bits/cxxabi_init_exception.h /usr/include/c++/7/typeinfo /usr/include/c++/7/bits/hash_bytes.h /usr/include/c++/7/new /usr/include/c++/7/bits/nested_exception.h /usr/include/c++/7/bits/move.h /usr/include/c++/7/bits/concept_check.h /usr/include/c++/7/type_traits /usr/include/c++/7/bits/char_traits.h /usr/include/c++/7/bits/stl_algobase.h /usr/include/c++/7/bits/functexcept.h /usr/include/c++/7/bits/cpp_type_traits.h /usr/include/c++/7/ext/type_traits.h /usr/include/c++/7/ext/numeric_traits.h /usr/include/c++/7/bits/stl_pair.h /usr/include/c++/7/bits/stl_iterator_base_types.h /usr/include/c++/7/bits/stl_iterator_base_funcs.h /usr/include/c++/7/debug/assertions.h /usr/include/c++/7/bits/stl_iterator.h /usr/include/c++/7/bits/ptr_traits.h /usr/include/c++/7/debug/debug.h /usr/include/c++/7/bits/predefined_ops.h /usr/include/c++/7/cstdint /usr/lib/gcc/x86_64-linux-gnu/7/include/stdint.h /usr/include/stdint.h /usr/include/x86_64-linux-gnu/bits/stdint-intn.h /usr/include/x86_64-linux-gnu/bits/stdint-uintn.h /usr/include/c++/7/bits/localefwd.h /usr/include/x86_64-linux-gnu/c++/7/bits/c++locale.h /usr/include/c++/7/clocale /usr/include/locale.h /usr/include/x86_64-linux-gnu/bits/locale.h /usr/include/c++/7/cctype /usr/include/ctype.h /usr/include/endian.h /usr/include/x86_64-linux-gnu/bits/endian.h /usr/include/x86_64-linux-gnu/bits/byteswap.h /usr/include/x86_64-linux-gnu/bits/byteswap-16.h /usr/include/x86_64-linux-gnu/bits/uintn-identity.h /usr/include/c++/7/bits/ios_base.h /usr/include/c++/7/ext/atomicity.h /usr/include/x86_64-linux-gnu/c++/7/bits/gthr.h /usr/include/x86_64-linux-gnu/c++/7/bits/gthr-default.h /usr/include/pthread.h /usr/include/sched.h /usr/include/x86_64-linux-gnu/bits/types/time_t.h /usr/include/x86_64-linux-gnu/bits/types/struct_timespec.h /usr/include/x86_64-linux-gnu/bits/sched.h /usr/include/x86_64-linux-gnu/bits/cpu-set.h /usr/include/time.h /usr/include/x86_64-linux-gnu/bits/time.h /usr/include/x86_64-linux-gnu/bits/timex.h /usr/include/x86_64-linux-gnu/bits/types/struct_timeval.h /usr/include/x86_64-linux-gnu/bits/types/clock_t.h /usr/include/x86_64-linux-gnu/bits/types/struct_tm.h /usr/include/x86_64-linux-gnu/bits/types/clockid_t.h /usr/include/x86_64-linux-gnu/bits/types/timer_t.h /usr/include/x86_64-linux-gnu/bits/types/struct_itimerspec.h /usr/include/x86_64-linux-gnu/bits/pthreadtypes.h /usr/include/x86_64-linux-gnu/bits/thread-shared-types.h /usr/include/x86_64-linux-gnu/bits/pthreadtypes-arch.h /usr/include/x86_64-linux-gnu/bits/setjmp.h /usr/include/x86_64-linux-gnu/c++/7/bits/atomic_word.h /usr/include/c++/7/bits/locale_classes.h /usr/include/c++/7/string /usr/include/c++/7/bits/allocator.h /usr/include/x86_64-linux-gnu/c++/7/bits/c++allocator.h /usr/include/c++/7/ext/new_allocator.h /usr/include/c++/7/bits/ostream_insert.h /usr/include/c++/7/bits/cxxabi_forced.h /usr/include/c++/7/bits/stl_function.h /usr/include/c++/7/backward/binders.h /usr/include/c++/7/bits/range_access.h /usr/include/c++/7/initializer_list /usr/include/c++/7/bits/basic_string.h /usr/include/c++/7/ext/alloc_traits.h /usr/include/c++/7/bits/alloc_traits.h /usr/include/c++/7/ext/string_conversions.h /usr/include/c++/7/cstdlib /usr/include/stdlib.h /usr/include/x86_64-linux-gnu/bits/waitflags.h /usr/include/x86_64-linux-gnu/bits/waitstatus.h /usr/include/x86_64-linux-gnu/sys/types.h /usr/include/x86_64-linux-gnu/sys/select.h /usr/include/x86_64-linux-gnu/bits/select.h /usr/include/x86_64-linux-gnu/bits/types/sigset_t.h /usr/include/x86_64-linux-gnu/bits/types/__sigset_t.h /usr/include/x86_64-linux-gnu/sys/sysmacros.h /usr/include/x86_64-linux-gnu/bits/sysmacros.h /usr/include/alloca.h /usr/include/x86_64-linux-gnu/bits/stdlib-float.h /usr/include/c++/7/bits/std_abs.h /usr/include/c++/7/cstdio /usr/include/c++/7/cerrno /usr/include/errno.h /usr/include/x86_64-linux-gnu/bits/errno.h /usr/include/linux/errno.h /usr/include/x86_64-linux-gnu/asm/errno.h /usr/include/asm-generic/errno.h /usr/include/asm-generic/errno-base.h /usr/include/c++/7/bits/functional_hash.h /usr/include/c++/7/bits/basic_string.tcc /usr/include/c++/7/bits/locale_classes.tcc /usr/include/c++/7/system_error /usr/include/x86_64-linux-gnu/c++/7/bits/error_constants.h /usr/include/c++/7/stdexcept /usr/include/c++/7/streambuf /usr/include/c++/7/bits/streambuf.tcc /usr/include/c++/7/bits/basic_ios.h /usr/include/c++/7/bits/locale_facets.h /usr/include/c++/7/cwctype /usr/include/wctype.h /usr/include/x86_64-linux-gnu/bits/wctype-wchar.h /usr/include/x86_64-linux-gnu/c++/7/bits/ctype_base.h /usr/include/c++/7/bits/streambuf_iterator.h /usr/include/x86_64-linux-gnu/c++/7/bits/ctype_inline.h /usr/include/c++/7/bits/locale_facets.tcc /usr/include/c++/7/bits/basic_ios.tcc /usr/include/c++/7/bits/ostream.tcc /usr/include/c++/7/istream /usr/include/c++/7/bits/istream.tcc /usr/include/c++/7/vector /usr/include/c++/7/bits/stl_construct.h /usr/include/c++/7/bits/stl_uninitialized.h /usr/include/c++/7/bits/stl_vector.h /usr/include/c++/7/bits/stl_bvector.h /usr/include/c++/7/bits/vector.tcc /usr/include/opencv2/opencv.hpp /usr/include/opencv2/opencv_modules.hpp /usr/include/opencv2/core.hpp /usr/include/opencv2/core/cvdef.h /usr/lib/gcc/x86_64-linux-gnu/7/include-fixed/limits.h /usr/lib/gcc/x86_64-linux-gnu/7/include-fixed/syslimits.h /usr/include/limits.h /usr/include/x86_64-linux-gnu/bits/posix1_lim.h /usr/include/x86_64-linux-gnu/bits/local_lim.h /usr/include/linux/limits.h /usr/include/x86_64-linux-gnu/bits/posix2_lim.h /usr/include/x86_64-linux-gnu/bits/xopen_lim.h /usr/include/x86_64-linux-gnu/bits/uio_lim.h /usr/include/opencv2/core/hal/interface.h /usr/include/c++/7/cstddef /usr/lib/gcc/x86_64-linux-gnu/7/include/emmintrin.h /usr/lib/gcc/x86_64-linux-gnu/7/include/xmmintrin.h /usr/lib/gcc/x86_64-linux-gnu/7/include/mmintrin.h /usr/lib/gcc/x86_64-linux-gnu/7/include/mm_malloc.h /usr/include/c++/7/stdlib.h /usr/include/opencv2/core/version.hpp /usr/include/opencv2/core/base.hpp /usr/include/c++/7/climits /usr/include/c++/7/algorithm /usr/include/c++/7/utility /usr/include/c++/7/bits/stl_relops.h /usr/include/c++/7/bits/stl_algo.h /usr/include/c++/7/bits/algorithmfwd.h /usr/include/c++/7/bits/stl_heap.h /usr/include/c++/7/bits/stl_tempbuf.h /usr/include/c++/7/bits/uniform_int_dist.h /usr/include/c++/7/limits /usr/include/opencv2/core/cvstd.hpp /usr/include/c++/7/cstring /usr/include/string.h /usr/include/strings.h /usr/include/c++/7/cmath /usr/include/math.h /usr/include/x86_64-linux-gnu/bits/math-vector.h /usr/include/x86_64-linux-gnu/bits/libm-simd-decl-stubs.h /usr/include/x86_64-linux-gnu/bits/flt-eval-method.h /usr/include/x86_64-linux-gnu/bits/fp-logb.h /usr/include/x86_64-linux-gnu/bits/fp-fast.h /usr/include/x86_64-linux-gnu/bits/mathcalls-helper-functions.h /usr/include/x86_64-linux-gnu/bits/mathcalls.h /usr/include/x86_64-linux-gnu/bits/iscanonical.h /usr/include/opencv2/core/ptr.inl.hpp /usr/include/opencv2/core/neon_utils.hpp /usr/include/opencv2/core/traits.hpp /usr/include/opencv2/core/matx.hpp /usr/include/opencv2/core/saturate.hpp /usr/include/opencv2/core/fast_math.hpp /usr/include/opencv2/core/types.hpp /usr/include/c++/7/cfloat /usr/lib/gcc/x86_64-linux-gnu/7/include/float.h /usr/include/opencv2/core/mat.hpp /usr/include/opencv2/core/bufferpool.hpp /usr/include/opencv2/core/mat.inl.hpp /usr/include/opencv2/core/persistence.hpp /usr/include/opencv2/core/operations.hpp /usr/include/opencv2/core/cvstd.inl.hpp /usr/include/c++/7/complex /usr/include/c++/7/sstream /usr/include/c++/7/bits/sstream.tcc /usr/include/opencv2/core/utility.hpp /usr/include/opencv2/core/core_c.h /usr/include/opencv2/core/types_c.h /usr/include/assert.h /usr/include/opencv2/core/optim.hpp /usr/include/opencv2/core/ovx.hpp /usr/include/opencv2/core/cvdef.h /usr/include/opencv2/calib3d.hpp /usr/include/opencv2/features2d.hpp /usr/include/opencv2/flann/miniflann.hpp /usr/include/opencv2/flann/defines.h /usr/include/opencv2/flann/config.h /usr/include/opencv2/core/affine.hpp /usr/include/opencv2/calib3d/calib3d_c.h /usr/include/opencv2/flann.hpp /usr/include/opencv2/flann/flann_base.hpp /usr/include/c++/7/cassert /usr/include/opencv2/flann/general.h /usr/include/opencv2/flann/matrix.h /usr/include/opencv2/flann/params.h /usr/include/opencv2/flann/any.h /usr/include/opencv2/flann/defines.h /usr/include/c++/7/map /usr/include/c++/7/bits/stl_tree.h /usr/include/c++/7/ext/aligned_buffer.h /usr/include/c++/7/bits/stl_map.h /usr/include/c++/7/tuple /usr/include/c++/7/array /usr/include/c++/7/bits/uses_allocator.h /usr/include/c++/7/bits/invoke.h /usr/include/c++/7/bits/stl_multimap.h /usr/include/opencv2/flann/saving.h /usr/include/opencv2/flann/nn_index.h /usr/include/opencv2/flann/result_set.h /usr/include/c++/7/set /usr/include/c++/7/bits/stl_set.h /usr/include/c++/7/bits/stl_multiset.h /usr/include/opencv2/flann/all_indices.h /usr/include/opencv2/flann/kdtree_index.h /usr/include/opencv2/flann/dynamic_bitset.h /usr/include/opencv2/flann/dist.h /usr/include/opencv2/flann/heap.h /usr/include/opencv2/flann/allocator.h /usr/include/opencv2/flann/random.h /usr/include/opencv2/flann/kdtree_single_index.h /usr/include/opencv2/flann/kmeans_index.h /usr/include/opencv2/flann/logger.h /usr/include/opencv2/flann/composite_index.h /usr/include/opencv2/flann/linear_index.h /usr/include/opencv2/flann/hierarchical_clustering_index.h /usr/include/opencv2/flann/lsh_index.h /usr/include/opencv2/flann/lsh_table.h /usr/include/c++/7/iomanip /usr/include/c++/7/locale /usr/include/c++/7/bits/locale_facets_nonio.h /usr/include/c++/7/ctime /usr/include/x86_64-linux-gnu/c++/7/bits/time_members.h /usr/include/x86_64-linux-gnu/c++/7/bits/messages_members.h /usr/include/libintl.h /usr/include/c++/7/bits/codecvt.h /usr/include/c++/7/bits/locale_facets_nonio.tcc /usr/include/c++/7/bits/locale_conv.h /usr/include/c++/7/bits/stringfwd.h /usr/include/c++/7/bits/allocator.h /usr/include/c++/7/bits/codecvt.h /usr/include/c++/7/bits/unique_ptr.h /usr/include/c++/7/unordered_map /usr/include/c++/7/bits/hashtable.h /usr/include/c++/7/bits/hashtable_policy.h /usr/include/c++/7/bits/unordered_map.h /usr/include/c++/7/math.h /usr/include/opencv2/flann/autotuned_index.h /usr/include/opencv2/flann/ground_truth.h /usr/include/opencv2/flann/index_testing.h /usr/include/opencv2/flann/timer.h /usr/include/opencv2/flann/sampling.h /usr/include/opencv2/highgui.hpp /usr/include/opencv2/imgcodecs.hpp /usr/include/opencv2/videoio.hpp /usr/include/opencv2/highgui/highgui_c.h /usr/include/opencv2/imgproc/imgproc_c.h /usr/include/opencv2/imgproc/types_c.h /usr/include/opencv2/imgcodecs/imgcodecs_c.h /usr/include/opencv2/videoio/videoio_c.h /usr/include/opencv2/imgproc.hpp /usr/include/opencv2/ml.hpp /usr/include/opencv2/objdetect.hpp /usr/include/opencv2/objdetect/detection_based_tracker.hpp /usr/include/opencv2/objdetect/objdetect_c.h /usr/include/c++/7/deque /usr/include/c++/7/bits/stl_deque.h /usr/include/c++/7/bits/deque.tcc /usr/include/opencv2/photo.hpp /usr/include/opencv2/photo/photo_c.h /usr/include/opencv2/shape.hpp /usr/include/opencv2/shape/emdL1.hpp /usr/include/opencv2/shape/shape_transformer.hpp /usr/include/opencv2/shape/hist_cost.hpp /usr/include/opencv2/shape/shape_distance.hpp /usr/include/opencv2/stitching.hpp /usr/include/opencv2/stitching/warpers.hpp /usr/include/opencv2/stitching/detail/warpers.hpp /usr/include/opencv2/core/cuda.hpp /usr/include/opencv2/core/cuda_types.hpp /usr/include/opencv2/core/cuda.inl.hpp /usr/include/opencv2/stitching/detail/warpers_inl.hpp /usr/include/opencv2/stitching/detail/warpers.hpp /usr/include/opencv2/stitching/detail/matchers.hpp /usr/include/opencv2/stitching/detail/motion_estimators.hpp /usr/include/opencv2/stitching/detail/matchers.hpp /usr/include/opencv2/stitching/detail/util.hpp /usr/include/c++/7/list /usr/include/c++/7/bits/stl_list.h /usr/include/c++/7/bits/allocated_ptr.h /usr/include/c++/7/bits/list.tcc /usr/include/opencv2/stitching/detail/util_inl.hpp /usr/include/c++/7/queue /usr/include/c++/7/bits/stl_queue.h /usr/include/opencv2/stitching/detail/camera.hpp /usr/include/opencv2/stitching/detail/exposure_compensate.hpp /usr/include/opencv2/stitching/detail/seam_finders.hpp /usr/include/opencv2/stitching/detail/blenders.hpp /usr/include/opencv2/stitching/detail/camera.hpp /usr/include/opencv2/superres.hpp /usr/include/opencv2/superres/optical_flow.hpp /usr/include/opencv2/video.hpp /usr/include/opencv2/video/tracking.hpp /usr/include/opencv2/video/background_segm.hpp /usr/include/opencv2/video/tracking_c.h /usr/include/opencv2/videostab.hpp /usr/include/opencv2/videostab/stabilizer.hpp /usr/include/opencv2/videostab/global_motion.hpp /usr/include/c++/7/fstream /usr/include/x86_64-linux-gnu/c++/7/bits/basic_file.h /usr/include/x86_64-linux-gnu/c++/7/bits/c++io.h /usr/include/c++/7/bits/fstream.tcc /usr/include/opencv2/videostab/optical_flow.hpp /usr/include/opencv2/videostab/motion_core.hpp /usr/include/opencv2/videostab/outlier_rejection.hpp /usr/include/opencv2/videostab/motion_stabilizing.hpp /usr/include/opencv2/videostab/frame_source.hpp /usr/include/opencv2/videostab/log.hpp /usr/include/opencv2/videostab/inpainting.hpp /usr/include/opencv2/videostab/fast_marching.hpp /usr/include/opencv2/videostab/fast_marching_inl.hpp /usr/include/opencv2/videostab/deblurring.hpp /usr/include/opencv2/videostab/wobble_suppression.hpp /usr/include/opencv2/videostab/ring_buffer.hpp /usr/include/opencv2/viz.hpp /usr/include/opencv2/viz/types.hpp /usr/include/opencv2/viz/widgets.hpp /usr/include/opencv2/viz/viz3d.hpp /usr/include/opencv2/viz/vizcore.hpp /usr/include/opencv2/ximgproc.hpp /usr/include/opencv2/ximgproc/edge_filter.hpp /usr/include/opencv2/ximgproc/disparity_filter.hpp /usr/include/opencv2/ximgproc/sparse_match_interpolator.hpp /usr/include/opencv2/ximgproc/structured_edge_detection.hpp /usr/include/opencv2/ximgproc/seeds.hpp /usr/include/opencv2/ximgproc/segmentation.hpp /usr/include/opencv2/ximgproc/fast_hough_transform.hpp /usr/include/opencv2/ximgproc/estimated_covariance.hpp /usr/include/opencv2/ximgproc/weighted_median_filter.hpp /usr/include/opencv2/ximgproc/slic.hpp /usr/include/opencv2/ximgproc/lsc.hpp /usr/include/opencv2/ximgproc/paillou_filter.hpp /usr/include/opencv2/ximgproc/fast_line_detector.hpp /usr/include/opencv2/ximgproc/deriche_filter.hpp
#  Implicit rule search has not been done.
#  Modification time never checked.
#  File has not been updated.

# Not a target:
/usr/include/c++/7/typeinfo:
#  Implicit rule search has not been done.
#  Modification time never checked.
#  File has not been updated.

# Not a target:
/usr/include/pthread.h:
#  Implicit rule search has not been done.
#  Modification time never checked.
#  File has not been updated.

# Not a target:
/usr/include/x86_64-linux-gnu/bits/uio_lim.h:
#  Implicit rule search has not been done.
#  Modification time never checked.
#  File has not been updated.

# Not a target:
/usr/include/x86_64-linux-gnu/bits/types/__sigset_t.h:
#  Implicit rule search has not been done.
#  Modification time never checked.
#  File has not been updated.

# Not a target:
/usr/include/c++/7/bits/streambuf_iterator.h:
#  Implicit rule search has not been done.
#  Modification time never checked.
#  File has not been updated.

# Not a target:
/usr/include/opencv2/flann.hpp:
#  Implicit rule search has not been done.
#  Modification time never checked.
#  File has not been updated.

# Not a target:
/usr/include/x86_64-linux-gnu/bits/stdio_lim.h:
#  Implicit rule search has not been done.
#  Modification time never checked.
#  File has not been updated.

# Not a target:
/usr/include/c++/7/cstddef:
#  Implicit rule search has not been done.
#  Modification time never checked.
#  File has not been updated.

# Not a target:
/usr/include/c++/7/fstream:
#  Implicit rule search has not been done.
#  Modification time never checked.
#  File has not been updated.

# Not a target:
/usr/include/x86_64-linux-gnu/bits/types/__mbstate_t.h:
#  Implicit rule search has not been done.
#  Modification time never checked.
#  File has not been updated.

# Not a target:
/usr/lib/gcc/x86_64-linux-gnu/7/include/stddef.h:
#  Implicit rule search has not been done.
#  Modification time never checked.
#  File has not been updated.

# Not a target:
/usr/include/c++/7/cstdio:
#  Implicit rule search has not been done.
#  Modification time never checked.
#  File has not been updated.

# Not a target:
/usr/include/opencv2/stitching/detail/util_inl.hpp:
#  Implicit rule search has not been done.
#  Modification time never checked.
#  File has not been updated.

# Not a target:
/usr/include/x86_64-linux-gnu/bits/math-vector.h:
#  Implicit rule search has not been done.
#  Modification time never checked.
#  File has not been updated.

# Not a target:
/usr/include/x86_64-linux-gnu/bits/types/clockid_t.h:
#  Implicit rule search has not been done.
#  Modification time never checked.
#  File has not been updated.

run: workspace/pro
#  Implicit rule search has not been done.
#  Modification time never checked.
#  File has not been updated.
#  recipe to execute (from 'Makefile', line 75):
	@cd workspace && ./pro

# Not a target:
/usr/include/assert.h:
#  Implicit rule search has not been done.
#  Modification time never checked.
#  File has not been updated.

# Not a target:
/usr/include/c++/7/bits/stl_tempbuf.h:
#  Implicit rule search has not been done.
#  Modification time never checked.
#  File has not been updated.

# Not a target:
/usr/include/x86_64-linux-gnu/c++/7/bits/basic_file.h:
#  Implicit rule search has not been done.
#  Modification time never checked.
#  File has not been updated.

# Not a target:
/usr/include/opencv2/ximgproc/edge_filter.hpp:
#  Implicit rule search has not been done.
#  Modification time never checked.
#  File has not been updated.

# Not a target:
/usr/include/x86_64-linux-gnu/bits/types/struct_itimerspec.h:
#  Implicit rule search has not been done.
#  Modification time never checked.
#  File has not been updated.

# Not a target:
/usr/include/opencv2/imgproc/types_c.h:
#  Implicit rule search has not been done.
#  Modification time never checked.
#  File has not been updated.

# Not a target:
/usr/include/c++/7/bits/stl_vector.h:
#  Implicit rule search has not been done.
#  Modification time never checked.
#  File has not been updated.

# Not a target:
/usr/include/ctype.h:
#  Implicit rule search has not been done.
#  Modification time never checked.
#  File has not been updated.

# Not a target:
/usr/include/x86_64-linux-gnu/bits/floatn-common.h:
#  Implicit rule search has not been done.
#  Modification time never checked.
#  File has not been updated.

# Not a target:
/usr/include/c++/7/bits/stl_multimap.h:
#  Implicit rule search has not been done.
#  Modification time never checked.
#  File has not been updated.

# Not a target:
/usr/include/opencv2/videoio/videoio_c.h:
#  Implicit rule search has not been done.
#  Modification time never checked.
#  File has not been updated.

# Not a target:
/usr/include/c++/7/clocale:
#  Implicit rule search has not been done.
#  Modification time never checked.
#  File has not been updated.

# Not a target:
/usr/include/opencv2/flann/flann_base.hpp:
#  Implicit rule search has not been done.
#  Modification time never checked.
#  File has not been updated.

# Not a target:
/usr/include/x86_64-linux-gnu/bits/sysmacros.h:
#  Implicit rule search has not been done.
#  Modification time never checked.
#  File has not been updated.

# Not a target:
/usr/include/opencv2/stitching/detail/blenders.hpp:
#  Implicit rule search has not been done.
#  Modification time never checked.
#  File has not been updated.

# Not a target:
/usr/include/opencv2/stitching.hpp:
 
#  Implicit rule search has not been done.
#  Modification time never checked.
#  File has not been updated.

python/trtpy/libtrtpyc.so: objs/code.o
#  Implicit rule search has not been done.
#  Modification time never checked.
#  File has not been updated.
#  recipe to execute (from 'Makefile', line 50):
	@echo Link $@
	@mkdir -p $(dir $@)
	@g++ -shared $^ -o $@ $(link_flags)

# Not a target:
/usr/include/x86_64-linux-gnu/c++/7/bits/c++locale.h:
#  Implicit rule search has not been done.
#  Modification time never checked.
#  File has not been updated.

# Not a target:
/usr/include/opencv2/core/version.hpp:
#  Implicit rule search has not been done.
#  Modification time never checked.
#  File has not been updated.

# Not a target:
/usr/include/c++/7/debug/assertions.h:
#  Implicit rule search has not been done.
#  Modification time never checked.
#  File has not been updated.

# Not a target:
/usr/include/opencv2/imgcodecs/imgcodecs_c.h:
#  Implicit rule search has not been done.
#  Modification time never checked.
#  File has not been updated.

# Not a target:
/usr/include/x86_64-linux-gnu/bits/mathcalls-helper-functions.h:
#  Implicit rule search has not been done.
#  Modification time never checked.
#  File has not been updated.

# Not a target:
/usr/include/c++/7/iomanip:
#  Implicit rule search has not been done.
#  Modification time never checked.
#  File has not been updated.

# Not a target:
/usr/include/opencv2/ximgproc/segmentation.hpp:
#  Implicit rule search has not been done.
#  Modification time never checked.
#  File has not been updated.

# Not a target:
/usr/include/opencv2/shape/emdL1.hpp:
#  Implicit rule search has not been done.
#  Modification time never checked.
#  File has not been updated.

# Not a target:
/usr/include/c++/7/bits/exception.h:
#  Implicit rule search has not been done.
#  Modification time never checked.
#  File has not been updated.

# Not a target:
/usr/include/x86_64-linux-gnu/bits/local_lim.h:
#  Implicit rule search has not been done.
#  Modification time never checked.
#  File has not been updated.

# Not a target:
/usr/include/x86_64-linux-gnu/bits/types/locale_t.h:
#  Implicit rule search has not been done.
#  Modification time never checked.
#  File has not been updated.

# Not a target:
/usr/include/c++/7/cwctype:
#  Implicit rule search has not been done.
#  Modification time never checked.
#  File has not been updated.

# Not a target:
/usr/include/opencv2/ximgproc/fast_hough_transform.hpp:
#  Implicit rule search has not been done.
#  Modification time never checked.
#  File has not been updated.

# Not a target:
/usr/include/c++/7/bits/locale_facets_nonio.h:
#  Implicit rule search has not been done.
#  Modification time never checked.
#  File has not been updated.

# Not a target:
/usr/include/x86_64-linux-gnu/bits/libm-simd-decl-stubs.h:
#  Implicit rule search has not been done.
#  Modification time never checked.
#  File has not been updated.

# Not a target:
/usr/include/c++/7/tuple:
#  Implicit rule search has not been done.
#  Modification time never checked.
#  File has not been updated.

# Not a target:
/usr/include/opencv2/videostab/deblurring.hpp:
#  Implicit rule search has not been done.
#  Modification time never checked.
#  File has not been updated.

# Not a target:
/usr/include/opencv2/ximgproc/seeds.hpp:
#  Implicit rule search has not been done.
#  Modification time never checked.
#  File has not been updated.

# Not a target:
/usr/include/opencv2/stitching/detail/warpers_inl.hpp:
#  Implicit rule search has not been done.
#  Modification time never checked.
#  File has not been updated.

# Not a target:
/usr/include/c++/7/bits/move.h:
#  Implicit rule search has not been done.
#  Modification time never checked.
#  File has not been updated.

# Not a target:
/usr/lib/gcc/x86_64-linux-gnu/7/include/mm_malloc.h:
#  Implicit rule search has not been done.
#  Modification time never checked.
#  File has not been updated.

# Not a target:
/usr/include/opencv2/shape/shape_transformer.hpp:
#  Implicit rule search has not been done.
#  Modification time never checked.
#  File has not been updated.

workspace/pro: objs/code.o
#  Implicit rule search has not been done.
#  Modification time never checked.
#  File has not been updated.
#  recipe to execute (from 'Makefile', line 45):
	@echo Link $@
	@mkdir -p $(dir $@)
	@g++ $^ -o $@ $(link_flags)

# Not a target:
/usr/include/c++/7/bits/fstream.tcc:
#  Implicit rule search has not been done.
#  Modification time never checked.
#  File has not been updated.

# Not a target:
/usr/include/opencv2/flann/dist.h:
#  Implicit rule search has not been done.
#  Modification time never checked.
#  File has not been updated.

# Not a target:
/usr/include/opencv2/core/cvstd.inl.hpp:
#  Implicit rule search has not been done.
#  Modification time never checked.
#  File has not been updated.

# Not a target:
/usr/include/x86_64-linux-gnu/c++/7/bits/c++io.h:
#  Implicit rule search has not been done.
#  Modification time never checked.
#  File has not been updated.

# Not a target:
/usr/include/x86_64-linux-gnu/bits/types/__locale_t.h:
#  Implicit rule search has not been done.
#  Modification time never checked.
#  File has not been updated.

# Not a target:
/usr/include/c++/7/ostream:
#  Implicit rule search has not been done.
#  Modification time never checked.
#  File has not been updated.

# Not a target:
/usr/include/opencv2/flann/logger.h:
#  Implicit rule search has not been done.
#  Modification time never checked.
#  File has not been updated.

# Not a target:
/usr/include/c++/7/stdlib.h:
#  Implicit rule search has not been done.
#  Modification time never checked.
#  File has not been updated.

# Not a target:
/usr/include/opencv2/stitching/detail/matchers.hpp:
#  Implicit rule search has not been done.
#  Modification time never checked.
#  File has not been updated.

# Not a target:
/usr/include/x86_64-linux-gnu/sys/sysmacros.h:
#  Implicit rule search has not been done.
#  Modification time never checked.
#  File has not been updated.

# Not a target:
/usr/include/opencv2/flann/config.h:
#  Implicit rule search has not been done.
#  Modification time never checked.
#  File has not been updated.

# Not a target:
/usr/include/opencv2/core/utility.hpp:
#  Implicit rule search has not been done.
#  Modification time never checked.
#  File has not been updated.

# Not a target:
/usr/include/c++/7/bits/cxxabi_forced.h:
#  Implicit rule search has not been done.
#  Modification time never checked.
#  File has not been updated.

# Not a target:
/usr/include/stdint.h:
#  Implicit rule search has not been done.
#  Modification time never checked.
#  File has not been updated.

# Not a target:
/usr/include/x86_64-linux-gnu/sys/select.h:
#  Implicit rule search has not been done.
#  Modification time never checked.
#  File has not been updated.

# Not a target:
/usr/include/x86_64-linux-gnu/c++/7/bits/gthr.h:
#  Implicit rule search has not been done.
#  Modification time never checked.
#  File has not been updated.

# Not a target:
/usr/include/x86_64-linux-gnu/bits/wchar.h:
#  Implicit rule search has not been done.
#  Modification time never checked.
#  File has not been updated.

# Not a target:
/usr/include/x86_64-linux-gnu/bits/time.h:
#  Implicit rule search has not been done.
#  Modification time never checked.
#  File has not been updated.

# Not a target:
/usr/include/x86_64-linux-gnu/bits/types.h:
#  Implicit rule search has not been done.
#  Modification time never checked.
#  File has not been updated.

# Not a target:
/usr/include/asm-generic/errno.h:
#  Implicit rule search has not been done.
#  Modification time never checked.
#  File has not been updated.

# Not a target:
/usr/include/opencv2/objdetect/detection_based_tracker.hpp:
#  Implicit rule search has not been done.
#  Modification time never checked.
#  File has not been updated.

# Not a target:
/usr/lib/gcc/x86_64-linux-gnu/7/include/emmintrin.h:
#  Implicit rule search has not been done.
#  Modification time never checked.
#  File has not been updated.

# Not a target:
/usr/include/opencv2/core/cuda_types.hpp:
 
#  Implicit rule search has not been done.
#  Modification time never checked.
#  File has not been updated.

# Not a target:
/usr/include/opencv2/flann/defines.h:
#  Implicit rule search has not been done.
#  Modification time never checked.
#  File has not been updated.

# Not a target:
/usr/include/x86_64-linux-gnu/bits/posix2_lim.h:
#  Implicit rule search has not been done.
#  Modification time never checked.
#  File has not been updated.

# Not a target:
/usr/include/c++/7/bits/stl_function.h:
#  Implicit rule search has not been done.
#  Modification time never checked.
#  File has not been updated.

# Not a target:
/usr/include/opencv2/flann/saving.h:
#  Implicit rule search has not been done.
#  Modification time never checked.
#  File has not been updated.

# Not a target:
/usr/include/c++/7/bits/concept_check.h:
#  Implicit rule search has not been done.
#  Modification time never checked.
#  File has not been updated.

# Not a target:
/usr/include/opencv2/highgui.hpp:
#  Implicit rule search has not been done.
#  Modification time never checked.
#  File has not been updated.

# Not a target:
/usr/include/x86_64-linux-gnu/bits/types/mbstate_t.h:
#  Implicit rule search has not been done.
#  Modification time never checked.
#  File has not been updated.

# Not a target:
/usr/include/c++/7/bits/basic_ios.tcc:
#  Implicit rule search has not been done.
#  Modification time never checked.
#  File has not been updated.

# Not a target:
/usr/include/c++/7/bits/invoke.h:
#  Implicit rule search has not been done.
#  Modification time never checked.
#  File has not been updated.

fall:
#  Phony target (prerequisite of .PHONY).
#  Implicit rule search has not been done.
#  File does not exist.
#  File has not been updated.

# Not a target:
/usr/include/x86_64-linux-gnu/bits/wordsize.h:
#  Implicit rule search has not been done.
#  Modification time never checked.
#  File has not been updated.

# Not a target:
/usr/include/c++/7/utility:
#  Implicit rule search has not been done.
#  Modification time never checked.
#  File has not been updated.

# Not a target:
/usr/include/opencv2/core.hpp:
#  Implicit rule search has not been done.
#  Modification time never checked.
#  File has not been updated.

# Not a target:
/usr/include/x86_64-linux-gnu/bits/byteswap.h:
#  Implicit rule search has not been done.
#  Modification time never checked.
#  File has not been updated.

# Not a target:
/usr/include/x86_64-linux-gnu/c++/7/bits/gthr-default.h:
#  Implicit rule search has not been done.
#  Modification time never checked.
#  File has not been updated.

# Not a target:
/usr/include/x86_64-linux-gnu/c++/7/bits/time_members.h:
#  Implicit rule search has not been done.
#  Modification time never checked.
#  File has not been updated.

# Not a target:
/usr/include/x86_64-linux-gnu/bits/types/timer_t.h:
#  Implicit rule search has not been done.
#  Modification time never checked.
#  File has not been updated.

# Not a target:
/usr/include/opencv2/flann/sampling.h:
#  Implicit rule search has not been done.
#  Modification time never checked.
#  File has not been updated.

# Not a target:
/usr/include/c++/7/bits/exception_defines.h:
#  Implicit rule search has not been done.
#  Modification time never checked.
#  File has not been updated.

# Not a target:
/usr/include/opencv2/ximgproc/fast_line_detector.hpp:
#  Implicit rule search has not been done.
#  Modification time never checked.
#  File has not been updated.

# Not a target:
/usr/include/x86_64-linux-gnu/bits/types/struct_timeval.h:
#  Implicit rule search has not been done.
#  Modification time never checked.
#  File has not been updated.

# Not a target:
/usr/include/math.h:
#  Implicit rule search has not been done.
#  Modification time never checked.
#  File has not been updated.

# Not a target:
/usr/include/opencv2/ximgproc/disparity_filter.hpp:
#  Implicit rule search has not been done.
#  Modification time never checked.
#  File has not been updated.

# Not a target:
/usr/include/linux/limits.h:
#  Implicit rule search has not been done.
#  Modification time never checked.
#  File has not been updated.

# Not a target:
/usr/include/x86_64-linux-gnu/sys/types.h:
#  Implicit rule search has not been done.
#  Modification time never checked.
#  File has not been updated.

# Not a target:
/usr/include/c++/7/cassert:
#  Implicit rule search has not been done.
#  Modification time never checked.
#  File has not been updated.

# Not a target:
/usr/include/x86_64-linux-gnu/sys/cdefs.h:
#  Implicit rule search has not been done.
#  Modification time never checked.
#  File has not been updated.

# Not a target:
/usr/include/c++/7/bits/ostream.tcc:
#  Implicit rule search has not been done.
#  Modification time never checked.
#  File has not been updated.

# Not a target:
/usr/include/x86_64-linux-gnu/bits/waitstatus.h:
#  Implicit rule search has not been done.
#  Modification time never checked.
#  File has not been updated.

# Not a target:
/usr/include/x86_64-linux-gnu/c++/7/bits/error_constants.h:
#  Implicit rule search has not been done.
#  Modification time never checked.
#  File has not been updated.

# Not a target:
/usr/include/x86_64-linux-gnu/bits/sys_errlist.h:
#  Implicit rule search has not been done.
#  Modification time never checked.
#  File has not been updated.

# Not a target:
/usr/include/opencv2/flann/ground_truth.h:
#  Implicit rule search has not been done.
#  Modification time never checked.
#  File has not been updated.

# Not a target:
/usr/include/c++/7/bits/stl_list.h:
#  Implicit rule search has not been done.
#  Modification time never checked.
#  File has not been updated.

# Not a target:
/usr/include/x86_64-linux-gnu/bits/typesizes.h:
#  Implicit rule search has not been done.
#  Modification time never checked.
#  File has not been updated.

# Not a target:
/usr/include/c++/7/cwchar:
#  Implicit rule search has not been done.
#  Modification time never checked.
#  File has not been updated.

# Not a target:
/usr/include/opencv2/flann/miniflann.hpp:
#  Implicit rule search has not been done.
#  Modification time never checked.
#  File has not been updated.

# Not a target:
/usr/include/c++/7/bits/uniform_int_dist.h:
#  Implicit rule search has not been done.
#  Modification time never checked.
#  File has not been updated.

# Not a target:
/usr/include/x86_64-linux-gnu/gnu/stubs-64.h:
#  Implicit rule search has not been done.
#  Modification time never checked.
#  File has not been updated.

# Not a target:
/usr/include/libintl.h:
#  Implicit rule search has not been done.
#  Modification time never checked.
#  File has not been updated.

# Not a target:
/usr/include/x86_64-linux-gnu/c++/7/bits/os_defines.h:
#  Implicit rule search has not been done.
#  Modification time never checked.
#  File has not been updated.

# Not a target:
/usr/include/x86_64-linux-gnu/c++/7/bits/atomic_word.h:
#  Implicit rule search has not been done.
#  Modification time never checked.
#  File has not been updated.

# Not a target:
/usr/include/c++/7/bits/locale_facets.tcc:
#  Implicit rule search has not been done.
#  Modification time never checked.
#  File has not been updated.

# Not a target:
/usr/include/c++/7/bits/allocated_ptr.h:
#  Implicit rule search has not been done.
#  Modification time never checked.
#  File has not been updated.

# Not a target:
/usr/include/opencv2/core/neon_utils.hpp:
#  Implicit rule search has not been done.
#  Modification time never checked.
#  File has not been updated.

# Not a target:
/usr/include/x86_64-linux-gnu/bits/types/struct_tm.h:
#  Implicit rule search has not been done.
#  Modification time never checked.
#  File has not been updated.

# Not a target:
/usr/include/opencv2/videostab/motion_core.hpp:
#  Implicit rule search has not been done.
#  Modification time never checked.
#  File has not been updated.

# Not a target:
/usr/include/opencv2/core/cvstd.hpp:
#  Implicit rule search has not been done.
#  Modification time never checked.
#  File has not been updated.

# Not a target:
/usr/include/c++/7/bits/list.tcc:
#  Implicit rule search has not been done.
#  Modification time never checked.
#  File has not been updated.

# Not a target:
/usr/include/opencv2/superres/optical_flow.hpp:
#  Implicit rule search has not been done.
 
#  Modification time never checked.
#  File has not been updated.

# Not a target:
/usr/include/c++/7/bits/basic_ios.h:
#  Implicit rule search has not been done.
#  Modification time never checked.
#  File has not been updated.

# Not a target:
/usr/include/c++/7/bits/stl_algobase.h:
#  Implicit rule search has not been done.
#  Modification time never checked.
#  File has not been updated.

# Not a target:
/usr/include/c++/7/limits:
#  Implicit rule search has not been done.
#  Modification time never checked.
#  File has not been updated.

# Not a target:
/usr/include/x86_64-linux-gnu/bits/flt-eval-method.h:
#  Implicit rule search has not been done.
#  Modification time never checked.
#  File has not been updated.

# Not a target:
/usr/include/opencv2/ximgproc/sparse_match_interpolator.hpp:
#  Implicit rule search has not been done.
#  Modification time never checked.
#  File has not been updated.

# Not a target:
/usr/include/stdc-predef.h:
#  Implicit rule search has not been done.
#  Modification time never checked.
#  File has not been updated.

# Not a target:
/usr/include/c++/7/new:
#  Implicit rule search has not been done.
#  Modification time never checked.
#  File has not been updated.

# Not a target:
/usr/include/x86_64-linux-gnu/bits/errno.h:
#  Implicit rule search has not been done.
#  Modification time never checked.
#  File has not been updated.

# Not a target:
/usr/include/opencv2/core/ptr.inl.hpp:
#  Implicit rule search has not been done.
#  Modification time never checked.
#  File has not been updated.

# Not a target:
/usr/include/c++/7/bits/stl_algo.h:
#  Implicit rule search has not been done.
#  Modification time never checked.
#  File has not been updated.

# Not a target:
/usr/include/x86_64-linux-gnu/bits/uintn-identity.h:
#  Implicit rule search has not been done.
#  Modification time never checked.
#  File has not been updated.

# Not a target:
/usr/include/x86_64-linux-gnu/bits/fp-logb.h:
#  Implicit rule search has not been done.
#  Modification time never checked.
#  File has not been updated.

# Not a target:
/usr/include/c++/7/queue:
#  Implicit rule search has not been done.
#  Modification time never checked.
#  File has not been updated.

# Not a target:
/usr/include/x86_64-linux-gnu/bits/stdint-uintn.h:
#  Implicit rule search has not been done.
#  Modification time never checked.
#  File has not been updated.

# Not a target:
/usr/include/opencv2/ximgproc/deriche_filter.hpp:
#  Implicit rule search has not been done.
#  Modification time never checked.
#  File has not been updated.

# Not a target:
/usr/include/opencv2/features2d.hpp:
#  Implicit rule search has not been done.
#  Modification time never checked.
#  File has not been updated.

# Not a target:
/usr/include/c++/7/cmath:
#  Implicit rule search has not been done.
#  Modification time never checked.
#  File has not been updated.

# Not a target:
/usr/include/opencv2/core/types.hpp:
#  Implicit rule search has not been done.
#  Modification time never checked.
#  File has not been updated.

alphapose:
#  Phony target (prerequisite of .PHONY).
#  Implicit rule search has not been done.
#  File does not exist.
#  File has not been updated.

# Not a target:
/usr/include/sched.h:
#  Implicit rule search has not been done.
#  Modification time never checked.
#  File has not been updated.

# Not a target:
/usr/include/c++/7/bits/range_access.h:
#  Implicit rule search has not been done.
#  Modification time never checked.
#  File has not been updated.

# Not a target:
/usr/include/opencv2/core/hal/interface.h:
#  Implicit rule search has not been done.
#  Modification time never checked.
#  File has not been updated.

clean:
#  Phony target (prerequisite of .PHONY).
#  Implicit rule search has not been done.
#  File does not exist.
#  File has not been updated.
#  recipe to execute (from 'Makefile', line 81):
	@rm -rf objs workspace/pro build

# Not a target:
/usr/include/opencv2/flann/all_indices.h:
#  Implicit rule search has not been done.
#  Modification time never checked.
#  File has not been updated.

# Not a target:
/usr/include/x86_64-linux-gnu/bits/byteswap-16.h:
#  Implicit rule search has not been done.
#  Modification time never checked.
#  File has not been updated.

# Not a target:
/usr/include/c++/7/bits/cpp_type_traits.h:
#  Implicit rule search has not been done.
#  Modification time never checked.
#  File has not been updated.

# Not a target:
/usr/include/c++/7/complex:
#  Implicit rule search has not been done.
#  Modification time never checked.
#  File has not been updated.

# Not a target:
/usr/include/opencv2/ximgproc/lsc.hpp:
#  Implicit rule search has not been done.
#  Modification time never checked.
#  File has not been updated.

# Not a target:
/usr/include/opencv2/flann/nn_index.h:
#  Implicit rule search has not been done.
#  Modification time never checked.
#  File has not been updated.

# Not a target:
/usr/include/c++/7/bits/memoryfwd.h:
#  Implicit rule search has not been done.
#  Modification time never checked.
#  File has not been updated.

# Not a target:
/usr/include/x86_64-linux-gnu/bits/thread-shared-types.h:
#  Implicit rule search has not been done.
#  Modification time never checked.
#  File has not been updated.

# Not a target:
/usr/include/opencv2/objdetect/objdetect_c.h:
#  Implicit rule search has not been done.
#  Modification time never checked.
#  File has not been updated.

# Not a target:
/usr/include/opencv2/imgproc.hpp:
#  Implicit rule search has not been done.
#  Modification time never checked.
#  File has not been updated.

# Not a target:
/usr/include/x86_64-linux-gnu/c++/7/bits/cpu_defines.h:
#  Implicit rule search has not been done.
#  Modification time never checked.
#  File has not been updated.

# Not a target:
/usr/include/c++/7/bits/exception_ptr.h:
#  Implicit rule search has not been done.
#  Modification time never checked.
#  File has not been updated.

# Not a target:
/usr/include/opencv2/calib3d.hpp:
#  Implicit rule search has not been done.
#  Modification time never checked.
#  File has not been updated.

# Not a target:
/usr/include/x86_64-linux-gnu/bits/xopen_lim.h:
#  Implicit rule search has not been done.
#  Modification time never checked.
#  File has not been updated.

# Not a target:
/usr/include/opencv2/flann/linear_index.h:
#  Implicit rule search has not been done.
#  Modification time never checked.
#  File has not been updated.

# Not a target:
/usr/include/x86_64-linux-gnu/bits/types/FILE.h:
#  Implicit rule search has not been done.
#  Modification time never checked.
#  File has not been updated.

# Not a target:
/usr/include/c++/7/bits/locale_facets_nonio.tcc:
#  Implicit rule search has not been done.
#  Modification time never checked.
#  File has not been updated.

# files hash-table stats:
# Load=411/1024=40%, Rehash=0, Collisions=241/838=29%
# VPATH Search Paths

# No 'vpath' search paths.

# No general ('VPATH' variable) search path.

# strcache buffers: 2 (1) / strings = 426 / storage = 16056 B / avg = 37 B
# current buf: size = 8162 B / used = 7898 B / count = 211 / avg = 37 B
# other used: total = 7894 B / count = 215 / avg = 36 B
# other free: total = 4 B / max = 4 B / min = 4 B / avg = 4 B

# strcache performance: lookups = 458 / hit rate = 6%
# hash-table stats:
# Load=426/8192=5%, Rehash=0, Collisions=17/458=4%
# Finished Make data base on Mon Aug  8 16:40:44 2022

 
